Unity Editor version:    2021.3.4f1 (cb45f9cae8b7)
Branch:                  2021.3/staging
Build type:              Release
Batch mode:              YES
macOS version:           Version 12.3.1 (Build 21E258)
Darwin version:          21.4.0
Architecture:            x86_64
Running under Rosetta:   YES
Available memory:        8192 MB
Using pre-set license
Pro License: YES

COMMAND LINE ARGUMENTS:
/Applications/Unity/Hub/Editor/2021.3.4f1/Unity.app/Contents/MacOS/Unity
-adb2
-batchMode
-noUpm
-name
AssetImportWorker0
-projectPath
/Users/nelsontoneze/Downloads/UTFPR/cg/Project Computação Gráfica
-logFile
Logs/AssetImportWorker0.log
-srvPort
57047
Successfully changed project path to: /Users/nelsontoneze/Downloads/UTFPR/cg/Project Computação Gráfica
/Users/nelsontoneze/Downloads/UTFPR/cg/Project Computação Gráfica
[UnityMemory] Configuration Parameters - Can be set up in boot.config
    "memorysetup-bucket-allocator-granularity=16"
    "memorysetup-bucket-allocator-bucket-count=8"
    "memorysetup-bucket-allocator-block-size=33554432"
    "memorysetup-bucket-allocator-block-count=8"
    "memorysetup-main-allocator-block-size=16777216"
    "memorysetup-thread-allocator-block-size=16777216"
    "memorysetup-gfx-main-allocator-block-size=16777216"
    "memorysetup-gfx-thread-allocator-block-size=16777216"
    "memorysetup-cache-allocator-block-size=4194304"
    "memorysetup-typetree-allocator-block-size=2097152"
    "memorysetup-profiler-bucket-allocator-granularity=16"
    "memorysetup-profiler-bucket-allocator-bucket-count=8"
    "memorysetup-profiler-bucket-allocator-block-size=33554432"
    "memorysetup-profiler-bucket-allocator-block-count=8"
    "memorysetup-profiler-allocator-block-size=16777216"
    "memorysetup-profiler-editor-allocator-block-size=1048576"
    "memorysetup-temp-allocator-size-main=16777216"
    "memorysetup-job-temp-allocator-block-size=2097152"
    "memorysetup-job-temp-allocator-block-size-background=1048576"
    "memorysetup-job-temp-allocator-reduction-small-platforms=262144"
    "memorysetup-temp-allocator-size-background-worker=32768"
    "memorysetup-temp-allocator-size-job-worker=262144"
    "memorysetup-temp-allocator-size-preload-manager=33554432"
    "memorysetup-temp-allocator-size-nav-mesh-worker=65536"
    "memorysetup-temp-allocator-size-audio-worker=65536"
    "memorysetup-temp-allocator-size-cloud-worker=32768"
    "memorysetup-temp-allocator-size-gi-baking-worker=262144"
    "memorysetup-temp-allocator-size-gfx=262144"
Refreshing native plugins compatible for Editor in 191.34 ms, found 2 plugins.
Preloading 0 native plugins for Editor in 0.00 ms.
Initialize engine version: 2021.3.4f1 (cb45f9cae8b7)
[Subsystems] Discovering subsystems at path /Applications/Unity/Hub/Editor/2021.3.4f1/Unity.app/Contents/Resources/UnitySubsystems
[Subsystems] Discovering subsystems at path /Users/nelsontoneze/Downloads/UTFPR/cg/Project Computação Gráfica/Assets
GfxDevice: creating device client; threaded=0; jobified=0
 preferred device: Apple M1 (high power)
Metal devices available: 1
0: Apple M1 (high power)
Using device Apple M1 (high power)
Initializing Metal device caps: Apple M1
Initialize mono
Mono path[0] = '/Applications/Unity/Hub/Editor/2021.3.4f1/Unity.app/Contents/Managed'
Mono path[1] = '/Applications/Unity/Hub/Editor/2021.3.4f1/Unity.app/Contents/MonoBleedingEdge/lib/mono/unityjit-macos'
Mono config path = '/Applications/Unity/Hub/Editor/2021.3.4f1/Unity.app/Contents/MonoBleedingEdge/etc'
Using monoOptions --debugger-agent=transport=dt_socket,embedding=1,server=y,suspend=n,address=127.0.0.1:56473
Begin MonoManager ReloadAssembly
Registering precompiled unity dll's ...
Register platform support module: /Applications/Unity/Hub/Editor/2021.3.4f1/Unity.app/Contents/PlaybackEngines/MacStandaloneSupport/UnityEditor.OSXStandalone.Extensions.dll
Registered in 0.001114 seconds.
Native extension for OSXStandalone target not found
Refreshing native plugins compatible for Editor in 99.65 ms, found 2 plugins.
Preloading 0 native plugins for Editor in 0.00 ms.
Mono: successfully reloaded assembly
- Completed reload, in  1.595 seconds
Domain Reload Profiling:
	ReloadAssembly (1596ms)
		BeginReloadAssembly (178ms)
			ExecutionOrderSort (0ms)
			DisableScriptedObjects (0ms)
			BackupInstance (0ms)
			ReleaseScriptingObjects (0ms)
			CreateAndSetChildDomain (3ms)
		EndReloadAssembly (1096ms)
			LoadAssemblies (175ms)
			RebuildTransferFunctionScriptingTraits (2ms)
			SetupTypeCache (144ms)
			ReleaseScriptCaches (0ms)
			RebuildScriptCaches (39ms)
			SetupLoadedEditorAssemblies (771ms)
				LogAssemblyErrors (0ms)
				InitializePlatformSupportModulesInManaged (19ms)
				SetLoadedEditorAssemblies (0ms)
				RefreshPlugins (100ms)
				BeforeProcessingInitializeOnLoad (5ms)
				ProcessInitializeOnLoadAttributes (475ms)
				ProcessInitializeOnLoadMethodAttributes (171ms)
				AfterProcessingInitializeOnLoad (0ms)
				EditorAssembliesLoaded (1ms)
			ExecutionOrderSort2 (0ms)
			AwakeInstancesAfterBackupRestoration (0ms)
Platform modules already initialized, skipping
Registering precompiled user dll's ...
Registered in 0.006120 seconds.
Begin MonoManager ReloadAssembly
Symbol file LoadedFromMemory doesn't match image /Users/nelsontoneze/Downloads/UTFPR/cg/Project Computação Gráfica/Library/PackageCache/com.unity.visualscripting@1.7.8/Editor/VisualScripting.Core/Dependencies/YamlDotNet/Unity.VisualScripting.YamlDotNet.dll
Symbol file LoadedFromMemory doesn't match image /Users/nelsontoneze/Downloads/UTFPR/cg/Project Computação Gráfica/Library/PackageCache/com.unity.visualscripting@1.7.8/Editor/VisualScripting.Core/Dependencies/DotNetZip/Unity.VisualScripting.IonicZip.dll
Native extension for OSXStandalone target not found
Refreshing native plugins compatible for Editor in 0.58 ms, found 2 plugins.
Preloading 0 native plugins for Editor in 0.00 ms.
Mono: successfully reloaded assembly
- Completed reload, in  2.443 seconds
Domain Reload Profiling:
	ReloadAssembly (2445ms)
		BeginReloadAssembly (253ms)
			ExecutionOrderSort (0ms)
			DisableScriptedObjects (40ms)
			BackupInstance (0ms)
			ReleaseScriptingObjects (0ms)
			CreateAndSetChildDomain (32ms)
		EndReloadAssembly (1906ms)
			LoadAssemblies (155ms)
			RebuildTransferFunctionScriptingTraits (0ms)
			SetupTypeCache (355ms)
			ReleaseScriptCaches (1ms)
			RebuildScriptCaches (63ms)
			SetupLoadedEditorAssemblies (1181ms)
				LogAssemblyErrors (0ms)
				InitializePlatformSupportModulesInManaged (14ms)
				SetLoadedEditorAssemblies (1ms)
				RefreshPlugins (1ms)
				BeforeProcessingInitializeOnLoad (138ms)
				ProcessInitializeOnLoadAttributes (916ms)
				ProcessInitializeOnLoadMethodAttributes (111ms)
				AfterProcessingInitializeOnLoad (1ms)
				EditorAssembliesLoaded (0ms)
			ExecutionOrderSort2 (0ms)
			AwakeInstancesAfterBackupRestoration (11ms)
Platform modules already initialized, skipping
========================================================================
Worker process is ready to serve import requests
Launching external process: /Applications/Unity/Hub/Editor/2021.3.4f1/Unity.app/Contents/Tools/UnityShaderCompiler
Launched and connected shader compiler UnityShaderCompiler after 0.55 seconds
Refreshing native plugins compatible for Editor in 1.14 ms, found 2 plugins.
Preloading 0 native plugins for Editor in 0.00 ms.
Unloading 3372 Unused Serialized files (Serialized files now loaded: 0)
Unloading 27 unused Assets / (94.8 KB). Loaded Objects now: 3850.
Memory consumption went from 255.7 MB to 255.6 MB.
Total: 7.915291 ms (FindLiveObjects: 0.418625 ms CreateObjectMapping: 0.103709 ms MarkObjects: 7.202792 ms  DeleteObjects: 0.188792 ms)

AssetImportParameters requested are different than current active one (requested -> active):
  custom:video-decoder-ogg-theora: a1e56fd34408186e4bbccfd4996cb3dc -> 
  custom:container-muxer-webm: aa71ff27fc2769a1b78a27578f13a17b -> 
  custom:container-demuxer-webm: 4f35f7cbe854078d1ac9338744f61a02 -> 
  custom:video-encoder-webm-vp8: eb34c28f22e8b96e1ab97ce403110664 -> 
  custom:framework-osx-AVFoundation: e770b220cccbd017edd2c1fefb359320 -> 
  custom:audio-encoder-webm-vorbis: bf7c407c2cedff20999df2af8eb42d56 -> 
  custom:container-demuxer-ogg: 62fdf1f143b41e24485cea50d1cbac27 -> 
  custom:video-decoder-webm-vp8: 9c59270c3fd7afecdb556c50c9e8de78 -> 
  custom:audio-decoder-ogg-vorbis: bf7c407c2cedff20999df2af8eb42d56 -> 
========================================================================
Received Import Request.
  Time since last request: 1465163.172538 seconds.
  path: Assets/Laterns and candles/Meshes/ceiling chain.fbx
  artifactKey: Guid(d119f9920a8205b45b1e51485a2163a5) Importer(815301076,1909f56bfc062723c751e8b465ee728b)
Start importing Assets/Laterns and candles/Meshes/ceiling chain.fbx using Guid(d119f9920a8205b45b1e51485a2163a5) Importer(815301076,1909f56bfc062723c751e8b465ee728b)  -> (artifact id: 'f4db610570b295213054531be557dc6a') in 0.834112 seconds 
========================================================================
Received Prepare
Registering precompiled user dll's ...
Registered in 0.002372 seconds.
Begin MonoManager ReloadAssembly
Symbol file LoadedFromMemory doesn't match image /Users/nelsontoneze/Downloads/UTFPR/cg/Project Computação Gráfica/Library/PackageCache/com.unity.visualscripting@1.7.8/Editor/VisualScripting.Core/Dependencies/YamlDotNet/Unity.VisualScripting.YamlDotNet.dll
Symbol file LoadedFromMemory doesn't match image /Users/nelsontoneze/Downloads/UTFPR/cg/Project Computação Gráfica/Library/PackageCache/com.unity.visualscripting@1.7.8/Editor/VisualScripting.Core/Dependencies/DotNetZip/Unity.VisualScripting.IonicZip.dll
Native extension for OSXStandalone target not found
Refreshing native plugins compatible for Editor in 0.69 ms, found 2 plugins.
Preloading 0 native plugins for Editor in 0.00 ms.
Mono: successfully reloaded assembly
- Completed reload, in  2.600 seconds
Domain Reload Profiling:
	ReloadAssembly (2603ms)
		BeginReloadAssembly (354ms)
			ExecutionOrderSort (0ms)
			DisableScriptedObjects (35ms)
			BackupInstance (0ms)
			ReleaseScriptingObjects (0ms)
			CreateAndSetChildDomain (114ms)
		EndReloadAssembly (2011ms)
			LoadAssemblies (157ms)
			RebuildTransferFunctionScriptingTraits (0ms)
			SetupTypeCache (409ms)
			ReleaseScriptCaches (2ms)
			RebuildScriptCaches (50ms)
			SetupLoadedEditorAssemblies (1213ms)
				LogAssemblyErrors (0ms)
				InitializePlatformSupportModulesInManaged (31ms)
				SetLoadedEditorAssemblies (2ms)
				RefreshPlugins (1ms)
				BeforeProcessingInitializeOnLoad (112ms)
				ProcessInitializeOnLoadAttributes (941ms)
				ProcessInitializeOnLoadMethodAttributes (125ms)
				AfterProcessingInitializeOnLoad (1ms)
				EditorAssembliesLoaded (0ms)
			ExecutionOrderSort2 (0ms)
			AwakeInstancesAfterBackupRestoration (15ms)
Platform modules already initialized, skipping
Refreshing native plugins compatible for Editor in 1.69 ms, found 2 plugins.
Preloading 0 native plugins for Editor in 0.00 ms.
Unloading 3366 Unused Serialized files (Serialized files now loaded: 0)
Unloading 20 unused Assets / (71.7 KB). Loaded Objects now: 3862.
Memory consumption went from 264.6 MB to 264.5 MB.
Total: 3.305167 ms (FindLiveObjects: 0.259958 ms CreateObjectMapping: 0.170250 ms MarkObjects: 2.759666 ms  DeleteObjects: 0.114250 ms)

AssetImportParameters requested are different than current active one (requested -> active):
  custom:video-decoder-ogg-theora: a1e56fd34408186e4bbccfd4996cb3dc -> 
  custom:container-muxer-webm: aa71ff27fc2769a1b78a27578f13a17b -> 
  custom:container-demuxer-webm: 4f35f7cbe854078d1ac9338744f61a02 -> 
  custom:video-encoder-webm-vp8: eb34c28f22e8b96e1ab97ce403110664 -> 
  custom:framework-osx-AVFoundation: e770b220cccbd017edd2c1fefb359320 -> 
  custom:audio-encoder-webm-vorbis: bf7c407c2cedff20999df2af8eb42d56 -> 
  custom:container-demuxer-ogg: 62fdf1f143b41e24485cea50d1cbac27 -> 
  custom:video-decoder-webm-vp8: 9c59270c3fd7afecdb556c50c9e8de78 -> 
  custom:audio-decoder-ogg-vorbis: bf7c407c2cedff20999df2af8eb42d56 -> 
========================================================================
Received Import Request.
  Time since last request: 374.978756 seconds.
  path: Assets/Brick_Wall_017_SD
  artifactKey: Guid(fbf86ab8418664f6ebc69acb0fcad119) Importer(815301076,1909f56bfc062723c751e8b465ee728b)
Start importing Assets/Brick_Wall_017_SD using Guid(fbf86ab8418664f6ebc69acb0fcad119) Importer(815301076,1909f56bfc062723c751e8b465ee728b)  -> (artifact id: '43015be71334bf3310c76e605ced5085') in 0.160774 seconds 
========================================================================
Received Import Request.
  Time since last request: 0.000274 seconds.
  path: Assets/Brick_Wall_017_SD/Brick_Wall_017_basecolor.jpg
  artifactKey: Guid(7bb80c2bd79094c80910c45c832dc491) Importer(815301076,1909f56bfc062723c751e8b465ee728b)
Start importing Assets/Brick_Wall_017_SD/Brick_Wall_017_basecolor.jpg using Guid(7bb80c2bd79094c80910c45c832dc491) Importer(815301076,1909f56bfc062723c751e8b465ee728b)  -> (artifact id: '0a0bb0bc9ae6d0a84c0d8634b5cc932b') in 0.865652 seconds 
========================================================================
Received Import Request.
  Time since last request: 0.000073 seconds.
  path: Assets/Brick_Wall_017_SD/Material_1360.jpg
  artifactKey: Guid(b0c922447b1b94c89b65db1101c3a8dc) Importer(815301076,1909f56bfc062723c751e8b465ee728b)
Start importing Assets/Brick_Wall_017_SD/Material_1360.jpg using Guid(b0c922447b1b94c89b65db1101c3a8dc) Importer(815301076,1909f56bfc062723c751e8b465ee728b)  -> (artifact id: '289a84470eb59778178ff7730cf2a28c') in 0.018757 seconds 
========================================================================
Received Import Request.
  Time since last request: 0.000081 seconds.
  path: Assets/Brick_Wall_017_SD/Brick_Wall_017_roughness.jpg
  artifactKey: Guid(3d13fc88bdd1f4baf9cb461e04e62cf9) Importer(815301076,1909f56bfc062723c751e8b465ee728b)
Start importing Assets/Brick_Wall_017_SD/Brick_Wall_017_roughness.jpg using Guid(3d13fc88bdd1f4baf9cb461e04e62cf9) Importer(815301076,1909f56bfc062723c751e8b465ee728b)  -> (artifact id: '49c265eb0f052c78ea5f09fb334e9f5d') in 0.008916 seconds 
========================================================================
Received Import Request.
  Time since last request: 46.217041 seconds.
  path: Assets/Brick_Wall_017_SD/New Material.mat
  artifactKey: Guid(ac24b23fd88b2420090493935a6c457c) Importer(815301076,1909f56bfc062723c751e8b465ee728b)
Start importing Assets/Brick_Wall_017_SD/New Material.mat using Guid(ac24b23fd88b2420090493935a6c457c) Importer(815301076,1909f56bfc062723c751e8b465ee728b)  -> (artifact id: '627c97501627ce06aa2059e0b7fa867e') in 0.331341 seconds 
========================================================================
Received Import Request.
  Time since last request: 16.391727 seconds.
  path: Assets/Brick_Wall_017_SD/VelaMaterial.mat
  artifactKey: Guid(ac24b23fd88b2420090493935a6c457c) Importer(815301076,1909f56bfc062723c751e8b465ee728b)
Start importing Assets/Brick_Wall_017_SD/VelaMaterial.mat using Guid(ac24b23fd88b2420090493935a6c457c) Importer(815301076,1909f56bfc062723c751e8b465ee728b)  -> (artifact id: '790bd12fcb7527c806bf243134629f15') in 0.041661 seconds 
========================================================================
Received Import Request.
  Time since last request: 377.940907 seconds.
  path: Assets/Brick_Wall_017_SD/MaterialVidro.mat
  artifactKey: Guid(c0322fa138c8e41329de1dbdcb37a2ae) Importer(815301076,1909f56bfc062723c751e8b465ee728b)
Start importing Assets/Brick_Wall_017_SD/MaterialVidro.mat using Guid(c0322fa138c8e41329de1dbdcb37a2ae) Importer(815301076,1909f56bfc062723c751e8b465ee728b)  -> (artifact id: '5387aaf7e3aa971275dd3d6d7be66e39') in 0.046236 seconds 
========================================================================
Received Prepare
Registering precompiled user dll's ...
Registered in 0.002266 seconds.
Begin MonoManager ReloadAssembly
Symbol file LoadedFromMemory doesn't match image /Users/nelsontoneze/Downloads/UTFPR/cg/Project Computação Gráfica/Library/PackageCache/com.unity.visualscripting@1.7.8/Editor/VisualScripting.Core/Dependencies/YamlDotNet/Unity.VisualScripting.YamlDotNet.dll
Symbol file LoadedFromMemory doesn't match image /Users/nelsontoneze/Downloads/UTFPR/cg/Project Computação Gráfica/Library/PackageCache/com.unity.visualscripting@1.7.8/Editor/VisualScripting.Core/Dependencies/DotNetZip/Unity.VisualScripting.IonicZip.dll
Native extension for OSXStandalone target not found
Refreshing native plugins compatible for Editor in 1.34 ms, found 2 plugins.
Preloading 0 native plugins for Editor in 0.00 ms.
Mono: successfully reloaded assembly
- Completed reload, in  2.978 seconds
Domain Reload Profiling:
	ReloadAssembly (2981ms)
		BeginReloadAssembly (453ms)
			ExecutionOrderSort (0ms)
			DisableScriptedObjects (44ms)
			BackupInstance (0ms)
			ReleaseScriptingObjects (0ms)
			CreateAndSetChildDomain (123ms)
		EndReloadAssembly (2236ms)
			LoadAssemblies (255ms)
			RebuildTransferFunctionScriptingTraits (0ms)
			SetupTypeCache (378ms)
			ReleaseScriptCaches (3ms)
			RebuildScriptCaches (52ms)
			SetupLoadedEditorAssemblies (1430ms)
				LogAssemblyErrors (0ms)
				InitializePlatformSupportModulesInManaged (36ms)
				SetLoadedEditorAssemblies (2ms)
				RefreshPlugins (1ms)
				BeforeProcessingInitializeOnLoad (135ms)
				ProcessInitializeOnLoadAttributes (1101ms)
				ProcessInitializeOnLoadMethodAttributes (154ms)
				AfterProcessingInitializeOnLoad (1ms)
				EditorAssembliesLoaded (0ms)
			ExecutionOrderSort2 (0ms)
			AwakeInstancesAfterBackupRestoration (17ms)
Platform modules already initialized, skipping
Refreshing native plugins compatible for Editor in 1.73 ms, found 2 plugins.
Preloading 0 native plugins for Editor in 0.00 ms.
Unloading 3366 Unused Serialized files (Serialized files now loaded: 0)
Unloading 20 unused Assets / (71.8 KB). Loaded Objects now: 3901.
Memory consumption went from 273.2 MB to 273.2 MB.
Total: 5.693750 ms (FindLiveObjects: 0.313708 ms CreateObjectMapping: 0.128125 ms MarkObjects: 4.984500 ms  DeleteObjects: 0.264708 ms)

AssetImportParameters requested are different than current active one (requested -> active):
  custom:video-decoder-ogg-theora: a1e56fd34408186e4bbccfd4996cb3dc -> 
  custom:container-muxer-webm: aa71ff27fc2769a1b78a27578f13a17b -> 
  custom:container-demuxer-webm: 4f35f7cbe854078d1ac9338744f61a02 -> 
  custom:video-encoder-webm-vp8: eb34c28f22e8b96e1ab97ce403110664 -> 
  custom:framework-osx-AVFoundation: e770b220cccbd017edd2c1fefb359320 -> 
  custom:audio-encoder-webm-vorbis: bf7c407c2cedff20999df2af8eb42d56 -> 
  custom:container-demuxer-ogg: 62fdf1f143b41e24485cea50d1cbac27 -> 
  custom:video-decoder-webm-vp8: 9c59270c3fd7afecdb556c50c9e8de78 -> 
  custom:audio-decoder-ogg-vorbis: bf7c407c2cedff20999df2af8eb42d56 -> 
========================================================================
Received Import Request.
  Time since last request: 1004.063401 seconds.
  path: Assets/Brick_Wall_017_SD/Textura-espelho.renderTexture
  artifactKey: Guid(ad1c017428d374eeabaee2b4a44e0f4c) Importer(815301076,1909f56bfc062723c751e8b465ee728b)
Start importing Assets/Brick_Wall_017_SD/Textura-espelho.renderTexture using Guid(ad1c017428d374eeabaee2b4a44e0f4c) Importer(815301076,1909f56bfc062723c751e8b465ee728b)  -> (artifact id: '762dba93a299edb6d89ea6961ad3175a') in 0.414666 seconds 
========================================================================
Received Prepare
Registering precompiled user dll's ...
Registered in 0.003480 seconds.
Begin MonoManager ReloadAssembly
Symbol file LoadedFromMemory doesn't match image /Users/nelsontoneze/Downloads/UTFPR/cg/Project Computação Gráfica/Library/PackageCache/com.unity.visualscripting@1.7.8/Editor/VisualScripting.Core/Dependencies/YamlDotNet/Unity.VisualScripting.YamlDotNet.dll
Symbol file LoadedFromMemory doesn't match image /Users/nelsontoneze/Downloads/UTFPR/cg/Project Computação Gráfica/Library/PackageCache/com.unity.visualscripting@1.7.8/Editor/VisualScripting.Core/Dependencies/DotNetZip/Unity.VisualScripting.IonicZip.dll
Native extension for OSXStandalone target not found
Refreshing native plugins compatible for Editor in 6.77 ms, found 2 plugins.
Preloading 0 native plugins for Editor in 0.00 ms.
Mono: successfully reloaded assembly
- Completed reload, in  3.079 seconds
Domain Reload Profiling:
	ReloadAssembly (3085ms)
		BeginReloadAssembly (444ms)
			ExecutionOrderSort (0ms)
			DisableScriptedObjects (50ms)
			BackupInstance (0ms)
			ReleaseScriptingObjects (0ms)
			CreateAndSetChildDomain (126ms)
		EndReloadAssembly (2346ms)
			LoadAssemblies (227ms)
			RebuildTransferFunctionScriptingTraits (0ms)
			SetupTypeCache (414ms)
			ReleaseScriptCaches (4ms)
			RebuildScriptCaches (56ms)
			SetupLoadedEditorAssemblies (1496ms)
				LogAssemblyErrors (0ms)
				InitializePlatformSupportModulesInManaged (46ms)
				SetLoadedEditorAssemblies (2ms)
				RefreshPlugins (7ms)
				BeforeProcessingInitializeOnLoad (136ms)
				ProcessInitializeOnLoadAttributes (1132ms)
				ProcessInitializeOnLoadMethodAttributes (171ms)
				AfterProcessingInitializeOnLoad (1ms)
				EditorAssembliesLoaded (0ms)
			ExecutionOrderSort2 (0ms)
			AwakeInstancesAfterBackupRestoration (14ms)
Platform modules already initialized, skipping
Refreshing native plugins compatible for Editor in 1.50 ms, found 2 plugins.
Preloading 0 native plugins for Editor in 0.00 ms.
Unloading 3366 Unused Serialized files (Serialized files now loaded: 0)
Unloading 20 unused Assets / (71.9 KB). Loaded Objects now: 3906.
Memory consumption went from 277.6 MB to 277.6 MB.
Total: 3.530542 ms (FindLiveObjects: 0.306500 ms CreateObjectMapping: 0.123458 ms MarkObjects: 2.950750 ms  DeleteObjects: 0.148334 ms)

AssetImportParameters requested are different than current active one (requested -> active):
  custom:video-decoder-ogg-theora: a1e56fd34408186e4bbccfd4996cb3dc -> 
  custom:container-muxer-webm: aa71ff27fc2769a1b78a27578f13a17b -> 
  custom:container-demuxer-webm: 4f35f7cbe854078d1ac9338744f61a02 -> 
  custom:video-encoder-webm-vp8: eb34c28f22e8b96e1ab97ce403110664 -> 
  custom:framework-osx-AVFoundation: e770b220cccbd017edd2c1fefb359320 -> 
  custom:audio-encoder-webm-vorbis: bf7c407c2cedff20999df2af8eb42d56 -> 
  custom:container-demuxer-ogg: 62fdf1f143b41e24485cea50d1cbac27 -> 
  custom:video-decoder-webm-vp8: 9c59270c3fd7afecdb556c50c9e8de78 -> 
  custom:audio-decoder-ogg-vorbis: bf7c407c2cedff20999df2af8eb42d56 -> 
========================================================================
Received Prepare
Registering precompiled user dll's ...
Registered in 0.002367 seconds.
Begin MonoManager ReloadAssembly
Symbol file LoadedFromMemory doesn't match image /Users/nelsontoneze/Downloads/UTFPR/cg/Project Computação Gráfica/Library/PackageCache/com.unity.visualscripting@1.7.8/Editor/VisualScripting.Core/Dependencies/YamlDotNet/Unity.VisualScripting.YamlDotNet.dll
Symbol file LoadedFromMemory doesn't match image /Users/nelsontoneze/Downloads/UTFPR/cg/Project Computação Gráfica/Library/PackageCache/com.unity.visualscripting@1.7.8/Editor/VisualScripting.Core/Dependencies/DotNetZip/Unity.VisualScripting.IonicZip.dll
Native extension for OSXStandalone target not found
Refreshing native plugins compatible for Editor in 0.55 ms, found 2 plugins.
Preloading 0 native plugins for Editor in 0.00 ms.
Mono: successfully reloaded assembly
- Completed reload, in  2.739 seconds
Domain Reload Profiling:
	ReloadAssembly (2741ms)
		BeginReloadAssembly (339ms)
			ExecutionOrderSort (0ms)
			DisableScriptedObjects (40ms)
			BackupInstance (0ms)
			ReleaseScriptingObjects (0ms)
			CreateAndSetChildDomain (99ms)
		EndReloadAssembly (2129ms)
			LoadAssemblies (152ms)
			RebuildTransferFunctionScriptingTraits (0ms)
			SetupTypeCache (358ms)
			ReleaseScriptCaches (1ms)
			RebuildScriptCaches (49ms)
			SetupLoadedEditorAssemblies (1331ms)
				LogAssemblyErrors (0ms)
				InitializePlatformSupportModulesInManaged (35ms)
				SetLoadedEditorAssemblies (2ms)
				RefreshPlugins (1ms)
				BeforeProcessingInitializeOnLoad (126ms)
				ProcessInitializeOnLoadAttributes (1010ms)
				ProcessInitializeOnLoadMethodAttributes (157ms)
				AfterProcessingInitializeOnLoad (1ms)
				EditorAssembliesLoaded (0ms)
			ExecutionOrderSort2 (0ms)
			AwakeInstancesAfterBackupRestoration (15ms)
Platform modules already initialized, skipping
Refreshing native plugins compatible for Editor in 2.18 ms, found 2 plugins.
Preloading 0 native plugins for Editor in 0.00 ms.
Unloading 3366 Unused Serialized files (Serialized files now loaded: 0)
Unloading 20 unused Assets / (71.8 KB). Loaded Objects now: 3909.
Memory consumption went from 277.9 MB to 277.8 MB.
Total: 5.899541 ms (FindLiveObjects: 0.249167 ms CreateObjectMapping: 0.114500 ms MarkObjects: 5.389291 ms  DeleteObjects: 0.145167 ms)

AssetImportParameters requested are different than current active one (requested -> active):
  custom:video-decoder-ogg-theora: a1e56fd34408186e4bbccfd4996cb3dc -> 
  custom:container-muxer-webm: aa71ff27fc2769a1b78a27578f13a17b -> 
  custom:container-demuxer-webm: 4f35f7cbe854078d1ac9338744f61a02 -> 
  custom:video-encoder-webm-vp8: eb34c28f22e8b96e1ab97ce403110664 -> 
  custom:framework-osx-AVFoundation: e770b220cccbd017edd2c1fefb359320 -> 
  custom:audio-encoder-webm-vorbis: bf7c407c2cedff20999df2af8eb42d56 -> 
  custom:container-demuxer-ogg: 62fdf1f143b41e24485cea50d1cbac27 -> 
  custom:video-decoder-webm-vp8: 9c59270c3fd7afecdb556c50c9e8de78 -> 
  custom:audio-decoder-ogg-vorbis: bf7c407c2cedff20999df2af8eb42d56 -> 
========================================================================
Received Prepare
Registering precompiled user dll's ...
Registered in 0.002264 seconds.
Begin MonoManager ReloadAssembly
Symbol file LoadedFromMemory doesn't match image /Users/nelsontoneze/Downloads/UTFPR/cg/Project Computação Gráfica/Library/PackageCache/com.unity.visualscripting@1.7.8/Editor/VisualScripting.Core/Dependencies/YamlDotNet/Unity.VisualScripting.YamlDotNet.dll
Symbol file LoadedFromMemory doesn't match image /Users/nelsontoneze/Downloads/UTFPR/cg/Project Computação Gráfica/Library/PackageCache/com.unity.visualscripting@1.7.8/Editor/VisualScripting.Core/Dependencies/DotNetZip/Unity.VisualScripting.IonicZip.dll
Native extension for OSXStandalone target not found
Refreshing native plugins compatible for Editor in 1.29 ms, found 2 plugins.
Preloading 0 native plugins for Editor in 0.00 ms.
Mono: successfully reloaded assembly
- Completed reload, in  3.379 seconds
Domain Reload Profiling:
	ReloadAssembly (3383ms)
		BeginReloadAssembly (439ms)
			ExecutionOrderSort (0ms)
			DisableScriptedObjects (47ms)
			BackupInstance (0ms)
			ReleaseScriptingObjects (0ms)
			CreateAndSetChildDomain (155ms)
		EndReloadAssembly (2657ms)
			LoadAssemblies (187ms)
			RebuildTransferFunctionScriptingTraits (0ms)
			SetupTypeCache (384ms)
			ReleaseScriptCaches (3ms)
			RebuildScriptCaches (56ms)
			SetupLoadedEditorAssemblies (1772ms)
				LogAssemblyErrors (0ms)
				InitializePlatformSupportModulesInManaged (54ms)
				SetLoadedEditorAssemblies (2ms)
				RefreshPlugins (1ms)
				BeforeProcessingInitializeOnLoad (160ms)
				ProcessInitializeOnLoadAttributes (1343ms)
				ProcessInitializeOnLoadMethodAttributes (210ms)
				AfterProcessingInitializeOnLoad (2ms)
				EditorAssembliesLoaded (1ms)
			ExecutionOrderSort2 (0ms)
			AwakeInstancesAfterBackupRestoration (22ms)
Platform modules already initialized, skipping
Refreshing native plugins compatible for Editor in 2.01 ms, found 2 plugins.
Preloading 0 native plugins for Editor in 0.00 ms.
Unloading 3366 Unused Serialized files (Serialized files now loaded: 0)
Unloading 20 unused Assets / (71.7 KB). Loaded Objects now: 3912.
Memory consumption went from 278.0 MB to 278.0 MB.
Total: 4.186375 ms (FindLiveObjects: 0.250666 ms CreateObjectMapping: 0.146750 ms MarkObjects: 3.650625 ms  DeleteObjects: 0.136792 ms)

AssetImportParameters requested are different than current active one (requested -> active):
  custom:video-decoder-ogg-theora: a1e56fd34408186e4bbccfd4996cb3dc -> 
  custom:container-muxer-webm: aa71ff27fc2769a1b78a27578f13a17b -> 
  custom:container-demuxer-webm: 4f35f7cbe854078d1ac9338744f61a02 -> 
  custom:video-encoder-webm-vp8: eb34c28f22e8b96e1ab97ce403110664 -> 
  custom:framework-osx-AVFoundation: e770b220cccbd017edd2c1fefb359320 -> 
  custom:audio-encoder-webm-vorbis: bf7c407c2cedff20999df2af8eb42d56 -> 
  custom:container-demuxer-ogg: 62fdf1f143b41e24485cea50d1cbac27 -> 
  custom:video-decoder-webm-vp8: 9c59270c3fd7afecdb556c50c9e8de78 -> 
  custom:audio-decoder-ogg-vorbis: bf7c407c2cedff20999df2af8eb42d56 -> 
========================================================================
Received Prepare
Registering precompiled user dll's ...
Registered in 0.002350 seconds.
Begin MonoManager ReloadAssembly
Symbol file LoadedFromMemory doesn't match image /Users/nelsontoneze/Downloads/UTFPR/cg/Project Computação Gráfica/Library/PackageCache/com.unity.visualscripting@1.7.8/Editor/VisualScripting.Core/Dependencies/YamlDotNet/Unity.VisualScripting.YamlDotNet.dll
Symbol file LoadedFromMemory doesn't match image /Users/nelsontoneze/Downloads/UTFPR/cg/Project Computação Gráfica/Library/PackageCache/com.unity.visualscripting@1.7.8/Editor/VisualScripting.Core/Dependencies/DotNetZip/Unity.VisualScripting.IonicZip.dll
Native extension for OSXStandalone target not found
Refreshing native plugins compatible for Editor in 0.91 ms, found 2 plugins.
Preloading 0 native plugins for Editor in 0.00 ms.
Mono: successfully reloaded assembly
- Completed reload, in  2.888 seconds
Domain Reload Profiling:
	ReloadAssembly (2891ms)
		BeginReloadAssembly (375ms)
			ExecutionOrderSort (0ms)
			DisableScriptedObjects (48ms)
			BackupInstance (0ms)
			ReleaseScriptingObjects (0ms)
			CreateAndSetChildDomain (94ms)
		EndReloadAssembly (2180ms)
			LoadAssemblies (177ms)
			RebuildTransferFunctionScriptingTraits (0ms)
			SetupTypeCache (369ms)
			ReleaseScriptCaches (1ms)
			RebuildScriptCaches (48ms)
			SetupLoadedEditorAssemblies (1370ms)
				LogAssemblyErrors (0ms)
				InitializePlatformSupportModulesInManaged (39ms)
				SetLoadedEditorAssemblies (2ms)
				RefreshPlugins (1ms)
				BeforeProcessingInitializeOnLoad (120ms)
				ProcessInitializeOnLoadAttributes (1070ms)
				ProcessInitializeOnLoadMethodAttributes (136ms)
				AfterProcessingInitializeOnLoad (1ms)
				EditorAssembliesLoaded (0ms)
			ExecutionOrderSort2 (0ms)
			AwakeInstancesAfterBackupRestoration (14ms)
Platform modules already initialized, skipping
Refreshing native plugins compatible for Editor in 1.93 ms, found 2 plugins.
Preloading 0 native plugins for Editor in 0.00 ms.
Unloading 3366 Unused Serialized files (Serialized files now loaded: 0)
Unloading 20 unused Assets / (71.7 KB). Loaded Objects now: 3915.
Memory consumption went from 278.3 MB to 278.2 MB.
Total: 3.785083 ms (FindLiveObjects: 0.309417 ms CreateObjectMapping: 0.174792 ms MarkObjects: 3.176416 ms  DeleteObjects: 0.123084 ms)

AssetImportParameters requested are different than current active one (requested -> active):
  custom:video-decoder-ogg-theora: a1e56fd34408186e4bbccfd4996cb3dc -> 
  custom:container-muxer-webm: aa71ff27fc2769a1b78a27578f13a17b -> 
  custom:container-demuxer-webm: 4f35f7cbe854078d1ac9338744f61a02 -> 
  custom:video-encoder-webm-vp8: eb34c28f22e8b96e1ab97ce403110664 -> 
  custom:framework-osx-AVFoundation: e770b220cccbd017edd2c1fefb359320 -> 
  custom:audio-encoder-webm-vorbis: bf7c407c2cedff20999df2af8eb42d56 -> 
  custom:container-demuxer-ogg: 62fdf1f143b41e24485cea50d1cbac27 -> 
  custom:video-decoder-webm-vp8: 9c59270c3fd7afecdb556c50c9e8de78 -> 
  custom:audio-decoder-ogg-vorbis: bf7c407c2cedff20999df2af8eb42d56 -> 
========================================================================
Received Prepare
Registering precompiled user dll's ...
Registered in 0.002213 seconds.
Begin MonoManager ReloadAssembly
Symbol file LoadedFromMemory doesn't match image /Users/nelsontoneze/Downloads/UTFPR/cg/Project Computação Gráfica/Library/PackageCache/com.unity.visualscripting@1.7.8/Editor/VisualScripting.Core/Dependencies/YamlDotNet/Unity.VisualScripting.YamlDotNet.dll
Symbol file LoadedFromMemory doesn't match image /Users/nelsontoneze/Downloads/UTFPR/cg/Project Computação Gráfica/Library/PackageCache/com.unity.visualscripting@1.7.8/Editor/VisualScripting.Core/Dependencies/DotNetZip/Unity.VisualScripting.IonicZip.dll
Native extension for OSXStandalone target not found
Refreshing native plugins compatible for Editor in 1.05 ms, found 2 plugins.
Preloading 0 native plugins for Editor in 0.00 ms.
Mono: successfully reloaded assembly
- Completed reload, in  3.095 seconds
Domain Reload Profiling:
	ReloadAssembly (3106ms)
		BeginReloadAssembly (422ms)
			ExecutionOrderSort (0ms)
			DisableScriptedObjects (54ms)
			BackupInstance (0ms)
			ReleaseScriptingObjects (0ms)
			CreateAndSetChildDomain (118ms)
		EndReloadAssembly (2284ms)
			LoadAssemblies (200ms)
			RebuildTransferFunctionScriptingTraits (0ms)
			SetupTypeCache (392ms)
			ReleaseScriptCaches (11ms)
			RebuildScriptCaches (59ms)
			SetupLoadedEditorAssemblies (1422ms)
				LogAssemblyErrors (0ms)
				InitializePlatformSupportModulesInManaged (37ms)
				SetLoadedEditorAssemblies (2ms)
				RefreshPlugins (1ms)
				BeforeProcessingInitializeOnLoad (132ms)
				ProcessInitializeOnLoadAttributes (1089ms)
				ProcessInitializeOnLoadMethodAttributes (157ms)
				AfterProcessingInitializeOnLoad (3ms)
				EditorAssembliesLoaded (1ms)
			ExecutionOrderSort2 (0ms)
			AwakeInstancesAfterBackupRestoration (18ms)
Platform modules already initialized, skipping
Refreshing native plugins compatible for Editor in 1.95 ms, found 2 plugins.
Preloading 0 native plugins for Editor in 0.00 ms.
Unloading 3366 Unused Serialized files (Serialized files now loaded: 0)
Unloading 20 unused Assets / (71.9 KB). Loaded Objects now: 3918.
Memory consumption went from 278.5 MB to 278.4 MB.
Total: 4.790000 ms (FindLiveObjects: 0.472417 ms CreateObjectMapping: 0.160791 ms MarkObjects: 3.945792 ms  DeleteObjects: 0.209708 ms)

AssetImportParameters requested are different than current active one (requested -> active):
  custom:video-decoder-ogg-theora: a1e56fd34408186e4bbccfd4996cb3dc -> 
  custom:container-muxer-webm: aa71ff27fc2769a1b78a27578f13a17b -> 
  custom:container-demuxer-webm: 4f35f7cbe854078d1ac9338744f61a02 -> 
  custom:video-encoder-webm-vp8: eb34c28f22e8b96e1ab97ce403110664 -> 
  custom:framework-osx-AVFoundation: e770b220cccbd017edd2c1fefb359320 -> 
  custom:audio-encoder-webm-vorbis: bf7c407c2cedff20999df2af8eb42d56 -> 
  custom:container-demuxer-ogg: 62fdf1f143b41e24485cea50d1cbac27 -> 
  custom:video-decoder-webm-vp8: 9c59270c3fd7afecdb556c50c9e8de78 -> 
  custom:audio-decoder-ogg-vorbis: bf7c407c2cedff20999df2af8eb42d56 -> 
========================================================================
Received Prepare
Registering precompiled user dll's ...
Registered in 0.002232 seconds.
Begin MonoManager ReloadAssembly
Symbol file LoadedFromMemory doesn't match image /Users/nelsontoneze/Downloads/UTFPR/cg/Project Computação Gráfica/Library/PackageCache/com.unity.visualscripting@1.7.8/Editor/VisualScripting.Core/Dependencies/YamlDotNet/Unity.VisualScripting.YamlDotNet.dll
Symbol file LoadedFromMemory doesn't match image /Users/nelsontoneze/Downloads/UTFPR/cg/Project Computação Gráfica/Library/PackageCache/com.unity.visualscripting@1.7.8/Editor/VisualScripting.Core/Dependencies/DotNetZip/Unity.VisualScripting.IonicZip.dll
Native extension for OSXStandalone target not found
Refreshing native plugins compatible for Editor in 0.80 ms, found 2 plugins.
Preloading 0 native plugins for Editor in 0.00 ms.
Mono: successfully reloaded assembly
- Completed reload, in  2.835 seconds
Domain Reload Profiling:
	ReloadAssembly (2841ms)
		BeginReloadAssembly (366ms)
			ExecutionOrderSort (0ms)
			DisableScriptedObjects (41ms)
			BackupInstance (0ms)
			ReleaseScriptingObjects (0ms)
			CreateAndSetChildDomain (106ms)
		EndReloadAssembly (2194ms)
			LoadAssemblies (157ms)
			RebuildTransferFunctionScriptingTraits (0ms)
			SetupTypeCache (445ms)
			ReleaseScriptCaches (2ms)
			RebuildScriptCaches (61ms)
			SetupLoadedEditorAssemblies (1342ms)
				LogAssemblyErrors (0ms)
				InitializePlatformSupportModulesInManaged (35ms)
				SetLoadedEditorAssemblies (2ms)
				RefreshPlugins (1ms)
				BeforeProcessingInitializeOnLoad (137ms)
				ProcessInitializeOnLoadAttributes (1051ms)
				ProcessInitializeOnLoadMethodAttributes (116ms)
				AfterProcessingInitializeOnLoad (1ms)
				EditorAssembliesLoaded (0ms)
			ExecutionOrderSort2 (0ms)
			AwakeInstancesAfterBackupRestoration (12ms)
Platform modules already initialized, skipping
Refreshing native plugins compatible for Editor in 2.00 ms, found 2 plugins.
Preloading 0 native plugins for Editor in 0.00 ms.
Unloading 3366 Unused Serialized files (Serialized files now loaded: 0)
Unloading 20 unused Assets / (71.8 KB). Loaded Objects now: 3921.
Memory consumption went from 278.7 MB to 278.6 MB.
Total: 2.956584 ms (FindLiveObjects: 0.217000 ms CreateObjectMapping: 0.143792 ms MarkObjects: 2.465959 ms  DeleteObjects: 0.128750 ms)

AssetImportParameters requested are different than current active one (requested -> active):
  custom:video-decoder-ogg-theora: a1e56fd34408186e4bbccfd4996cb3dc -> 
  custom:container-muxer-webm: aa71ff27fc2769a1b78a27578f13a17b -> 
  custom:container-demuxer-webm: 4f35f7cbe854078d1ac9338744f61a02 -> 
  custom:video-encoder-webm-vp8: eb34c28f22e8b96e1ab97ce403110664 -> 
  custom:framework-osx-AVFoundation: e770b220cccbd017edd2c1fefb359320 -> 
  custom:audio-encoder-webm-vorbis: bf7c407c2cedff20999df2af8eb42d56 -> 
  custom:container-demuxer-ogg: 62fdf1f143b41e24485cea50d1cbac27 -> 
  custom:video-decoder-webm-vp8: 9c59270c3fd7afecdb556c50c9e8de78 -> 
  custom:audio-decoder-ogg-vorbis: bf7c407c2cedff20999df2af8eb42d56 -> 
========================================================================
Received Prepare
Registering precompiled user dll's ...
Registered in 0.002374 seconds.
Begin MonoManager ReloadAssembly
Symbol file LoadedFromMemory doesn't match image /Users/nelsontoneze/Downloads/UTFPR/cg/Project Computação Gráfica/Library/PackageCache/com.unity.visualscripting@1.7.8/Editor/VisualScripting.Core/Dependencies/YamlDotNet/Unity.VisualScripting.YamlDotNet.dll
Symbol file LoadedFromMemory doesn't match image /Users/nelsontoneze/Downloads/UTFPR/cg/Project Computação Gráfica/Library/PackageCache/com.unity.visualscripting@1.7.8/Editor/VisualScripting.Core/Dependencies/DotNetZip/Unity.VisualScripting.IonicZip.dll
Native extension for OSXStandalone target not found
Refreshing native plugins compatible for Editor in 1.66 ms, found 2 plugins.
Preloading 0 native plugins for Editor in 0.00 ms.
Mono: successfully reloaded assembly
- Completed reload, in  3.184 seconds
Domain Reload Profiling:
	ReloadAssembly (3187ms)
		BeginReloadAssembly (421ms)
			ExecutionOrderSort (0ms)
			DisableScriptedObjects (52ms)
			BackupInstance (0ms)
			ReleaseScriptingObjects (0ms)
			CreateAndSetChildDomain (114ms)
		EndReloadAssembly (2468ms)
			LoadAssemblies (224ms)
			RebuildTransferFunctionScriptingTraits (0ms)
			SetupTypeCache (454ms)
			ReleaseScriptCaches (3ms)
			RebuildScriptCaches (74ms)
			SetupLoadedEditorAssemblies (1522ms)
				LogAssemblyErrors (0ms)
				InitializePlatformSupportModulesInManaged (50ms)
				SetLoadedEditorAssemblies (6ms)
				RefreshPlugins (2ms)
				BeforeProcessingInitializeOnLoad (154ms)
				ProcessInitializeOnLoadAttributes (1168ms)
				ProcessInitializeOnLoadMethodAttributes (141ms)
				AfterProcessingInitializeOnLoad (1ms)
				EditorAssembliesLoaded (0ms)
			ExecutionOrderSort2 (0ms)
			AwakeInstancesAfterBackupRestoration (15ms)
Platform modules already initialized, skipping
Refreshing native plugins compatible for Editor in 2.42 ms, found 2 plugins.
Preloading 0 native plugins for Editor in 0.00 ms.
Unloading 3366 Unused Serialized files (Serialized files now loaded: 0)
Unloading 20 unused Assets / (71.8 KB). Loaded Objects now: 3924.
Memory consumption went from 278.9 MB to 278.8 MB.
Total: 6.815416 ms (FindLiveObjects: 0.478667 ms CreateObjectMapping: 0.159500 ms MarkObjects: 5.836083 ms  DeleteObjects: 0.337250 ms)

AssetImportParameters requested are different than current active one (requested -> active):
  custom:video-decoder-ogg-theora: a1e56fd34408186e4bbccfd4996cb3dc -> 
  custom:container-muxer-webm: aa71ff27fc2769a1b78a27578f13a17b -> 
  custom:container-demuxer-webm: 4f35f7cbe854078d1ac9338744f61a02 -> 
  custom:video-encoder-webm-vp8: eb34c28f22e8b96e1ab97ce403110664 -> 
  custom:framework-osx-AVFoundation: e770b220cccbd017edd2c1fefb359320 -> 
  custom:audio-encoder-webm-vorbis: bf7c407c2cedff20999df2af8eb42d56 -> 
  custom:container-demuxer-ogg: 62fdf1f143b41e24485cea50d1cbac27 -> 
  custom:video-decoder-webm-vp8: 9c59270c3fd7afecdb556c50c9e8de78 -> 
  custom:audio-decoder-ogg-vorbis: bf7c407c2cedff20999df2af8eb42d56 -> 
========================================================================
Received Prepare
Registering precompiled user dll's ...
Registered in 0.002268 seconds.
Begin MonoManager ReloadAssembly
Symbol file LoadedFromMemory doesn't match image /Users/nelsontoneze/Downloads/UTFPR/cg/Project Computação Gráfica/Library/PackageCache/com.unity.visualscripting@1.7.8/Editor/VisualScripting.Core/Dependencies/YamlDotNet/Unity.VisualScripting.YamlDotNet.dll
Symbol file LoadedFromMemory doesn't match image /Users/nelsontoneze/Downloads/UTFPR/cg/Project Computação Gráfica/Library/PackageCache/com.unity.visualscripting@1.7.8/Editor/VisualScripting.Core/Dependencies/DotNetZip/Unity.VisualScripting.IonicZip.dll
Native extension for OSXStandalone target not found
Refreshing native plugins compatible for Editor in 0.76 ms, found 2 plugins.
Preloading 0 native plugins for Editor in 0.00 ms.
Mono: successfully reloaded assembly
- Completed reload, in  3.350 seconds
Domain Reload Profiling:
	ReloadAssembly (3355ms)
		BeginReloadAssembly (448ms)
			ExecutionOrderSort (0ms)
			DisableScriptedObjects (54ms)
			BackupInstance (0ms)
			ReleaseScriptingObjects (0ms)
			CreateAndSetChildDomain (123ms)
		EndReloadAssembly (2594ms)
			LoadAssemblies (249ms)
			RebuildTransferFunctionScriptingTraits (0ms)
			SetupTypeCache (418ms)
			ReleaseScriptCaches (3ms)
			RebuildScriptCaches (62ms)
			SetupLoadedEditorAssemblies (1658ms)
				LogAssemblyErrors (0ms)
				InitializePlatformSupportModulesInManaged (37ms)
				SetLoadedEditorAssemblies (1ms)
				RefreshPlugins (1ms)
				BeforeProcessingInitializeOnLoad (149ms)
				ProcessInitializeOnLoadAttributes (1252ms)
				ProcessInitializeOnLoadMethodAttributes (216ms)
				AfterProcessingInitializeOnLoad (1ms)
				EditorAssembliesLoaded (0ms)
			ExecutionOrderSort2 (0ms)
			AwakeInstancesAfterBackupRestoration (30ms)
Platform modules already initialized, skipping
Refreshing native plugins compatible for Editor in 2.03 ms, found 2 plugins.
Preloading 0 native plugins for Editor in 0.00 ms.
Unloading 3366 Unused Serialized files (Serialized files now loaded: 0)
Unloading 20 unused Assets / (71.7 KB). Loaded Objects now: 3927.
Memory consumption went from 279.1 MB to 279.0 MB.
Total: 3.659167 ms (FindLiveObjects: 0.265750 ms CreateObjectMapping: 0.138000 ms MarkObjects: 3.126791 ms  DeleteObjects: 0.127334 ms)

AssetImportParameters requested are different than current active one (requested -> active):
  custom:video-decoder-ogg-theora: a1e56fd34408186e4bbccfd4996cb3dc -> 
  custom:container-muxer-webm: aa71ff27fc2769a1b78a27578f13a17b -> 
  custom:container-demuxer-webm: 4f35f7cbe854078d1ac9338744f61a02 -> 
  custom:video-encoder-webm-vp8: eb34c28f22e8b96e1ab97ce403110664 -> 
  custom:framework-osx-AVFoundation: e770b220cccbd017edd2c1fefb359320 -> 
  custom:audio-encoder-webm-vorbis: bf7c407c2cedff20999df2af8eb42d56 -> 
  custom:container-demuxer-ogg: 62fdf1f143b41e24485cea50d1cbac27 -> 
  custom:video-decoder-webm-vp8: 9c59270c3fd7afecdb556c50c9e8de78 -> 
  custom:audio-decoder-ogg-vorbis: bf7c407c2cedff20999df2af8eb42d56 -> 
========================================================================
Received Prepare
Registering precompiled user dll's ...
Registered in 0.003764 seconds.
Begin MonoManager ReloadAssembly
Symbol file LoadedFromMemory doesn't match image /Users/nelsontoneze/Downloads/UTFPR/cg/Project Computação Gráfica/Library/PackageCache/com.unity.visualscripting@1.7.8/Editor/VisualScripting.Core/Dependencies/YamlDotNet/Unity.VisualScripting.YamlDotNet.dll
Symbol file LoadedFromMemory doesn't match image /Users/nelsontoneze/Downloads/UTFPR/cg/Project Computação Gráfica/Library/PackageCache/com.unity.visualscripting@1.7.8/Editor/VisualScripting.Core/Dependencies/DotNetZip/Unity.VisualScripting.IonicZip.dll
Native extension for OSXStandalone target not found
Refreshing native plugins compatible for Editor in 1.28 ms, found 2 plugins.
Preloading 0 native plugins for Editor in 0.00 ms.
Mono: successfully reloaded assembly
- Completed reload, in  3.691 seconds
Domain Reload Profiling:
	ReloadAssembly (3695ms)
		BeginReloadAssembly (532ms)
			ExecutionOrderSort (0ms)
			DisableScriptedObjects (152ms)
			BackupInstance (0ms)
			ReleaseScriptingObjects (0ms)
			CreateAndSetChildDomain (119ms)
		EndReloadAssembly (2838ms)
			LoadAssemblies (247ms)
			RebuildTransferFunctionScriptingTraits (0ms)
			SetupTypeCache (508ms)
			ReleaseScriptCaches (9ms)
			RebuildScriptCaches (69ms)
			SetupLoadedEditorAssemblies (1744ms)
				LogAssemblyErrors (0ms)
				InitializePlatformSupportModulesInManaged (40ms)
				SetLoadedEditorAssemblies (2ms)
				RefreshPlugins (1ms)
				BeforeProcessingInitializeOnLoad (151ms)
				ProcessInitializeOnLoadAttributes (1350ms)
				ProcessInitializeOnLoadMethodAttributes (198ms)
				AfterProcessingInitializeOnLoad (1ms)
				EditorAssembliesLoaded (1ms)
			ExecutionOrderSort2 (0ms)
			AwakeInstancesAfterBackupRestoration (25ms)
Platform modules already initialized, skipping
Refreshing native plugins compatible for Editor in 1.43 ms, found 2 plugins.
Preloading 0 native plugins for Editor in 0.00 ms.
Unloading 3366 Unused Serialized files (Serialized files now loaded: 0)
Unloading 20 unused Assets / (71.8 KB). Loaded Objects now: 3930.
Memory consumption went from 279.3 MB to 279.2 MB.
Total: 3.333000 ms (FindLiveObjects: 0.250375 ms CreateObjectMapping: 0.134041 ms MarkObjects: 2.833958 ms  DeleteObjects: 0.113500 ms)

AssetImportParameters requested are different than current active one (requested -> active):
  custom:video-decoder-ogg-theora: a1e56fd34408186e4bbccfd4996cb3dc -> 
  custom:container-muxer-webm: aa71ff27fc2769a1b78a27578f13a17b -> 
  custom:container-demuxer-webm: 4f35f7cbe854078d1ac9338744f61a02 -> 
  custom:video-encoder-webm-vp8: eb34c28f22e8b96e1ab97ce403110664 -> 
  custom:framework-osx-AVFoundation: e770b220cccbd017edd2c1fefb359320 -> 
  custom:audio-encoder-webm-vorbis: bf7c407c2cedff20999df2af8eb42d56 -> 
  custom:container-demuxer-ogg: 62fdf1f143b41e24485cea50d1cbac27 -> 
  custom:video-decoder-webm-vp8: 9c59270c3fd7afecdb556c50c9e8de78 -> 
  custom:audio-decoder-ogg-vorbis: bf7c407c2cedff20999df2af8eb42d56 -> 
========================================================================
Received Import Request.
  Time since last request: 1938.001998 seconds.
  path: Assets/Brick_Wall_017_SD/Brick_Wall_017_normal.jpg
  artifactKey: Guid(7f22d8ad71eb74ba0b3a932e04e3ba30) Importer(815301076,1909f56bfc062723c751e8b465ee728b)
Start importing Assets/Brick_Wall_017_SD/Brick_Wall_017_normal.jpg using Guid(7f22d8ad71eb74ba0b3a932e04e3ba30) Importer(815301076,1909f56bfc062723c751e8b465ee728b)  -> (artifact id: '70632f25286fe93a40b85a3351b5f32f') in 0.581715 seconds 
========================================================================
Received Import Request.
  Time since last request: 0.000118 seconds.
  path: Assets/Brick_Wall_017_SD/VelaMaterial.mat
  artifactKey: Guid(ac24b23fd88b2420090493935a6c457c) Importer(815301076,1909f56bfc062723c751e8b465ee728b)
Start importing Assets/Brick_Wall_017_SD/VelaMaterial.mat using Guid(ac24b23fd88b2420090493935a6c457c) Importer(815301076,1909f56bfc062723c751e8b465ee728b)  -> (artifact id: '19461e19818b467ea7e1b5fd78e81f6e') in 0.725509 seconds 
========================================================================
Received Import Request.
  Time since last request: 11.814327 seconds.
  path: Assets/LampWall/Textures
  artifactKey: Guid(fb165a2a59cbb4d4fa654743f42ad3f8) Importer(815301076,1909f56bfc062723c751e8b465ee728b)
Start importing Assets/LampWall/Textures using Guid(fb165a2a59cbb4d4fa654743f42ad3f8) Importer(815301076,1909f56bfc062723c751e8b465ee728b)  -> (artifact id: '2da2c8e5195bbc63bf792006a62febfb') in 0.000929 seconds 
========================================================================
Received Import Request.
  Time since last request: 0.134178 seconds.
  path: Assets/LampWall/Textures/lampWall01_phong1_AlbedoTransparency.png
  artifactKey: Guid(d122c9ef1998c864e87276f303e6d399) Importer(815301076,1909f56bfc062723c751e8b465ee728b)
Start importing Assets/LampWall/Textures/lampWall01_phong1_AlbedoTransparency.png using Guid(d122c9ef1998c864e87276f303e6d399) Importer(815301076,1909f56bfc062723c751e8b465ee728b)  -> (artifact id: '165c6445230332f14042eb78a9349f43') in 0.191616 seconds 
========================================================================
Received Import Request.
  Time since last request: 2.517995 seconds.
  path: Assets/LampWall/Prefab
  artifactKey: Guid(766e958c4865242fb8f9728b30ce22d6) Importer(815301076,1909f56bfc062723c751e8b465ee728b)
Start importing Assets/LampWall/Prefab using Guid(766e958c4865242fb8f9728b30ce22d6) Importer(815301076,1909f56bfc062723c751e8b465ee728b)  -> (artifact id: 'fb9cee1af1597a59f2d3c549f7b5e7a8') in 0.001535 seconds 
========================================================================
Received Import Request.
  Time since last request: 0.338689 seconds.
  path: Assets/LampWall/Prefab/Lamp_OFF.prefab
  artifactKey: Guid(eb46849557b7317479b1c5c02c5b36ca) Importer(815301076,1909f56bfc062723c751e8b465ee728b)
Start importing Assets/LampWall/Prefab/Lamp_OFF.prefab using Guid(eb46849557b7317479b1c5c02c5b36ca) Importer(815301076,1909f56bfc062723c751e8b465ee728b)  -> (artifact id: '402277c7cc9dfa59c26af83080f43412') in 0.439422 seconds 
========================================================================
Received Import Request.
  Time since last request: 1.351689 seconds.
  path: Assets/LampWall/Materials
  artifactKey: Guid(afe9c7ff0ee0d4964ad3f07d0bc4df0d) Importer(815301076,1909f56bfc062723c751e8b465ee728b)
Start importing Assets/LampWall/Materials using Guid(afe9c7ff0ee0d4964ad3f07d0bc4df0d) Importer(815301076,1909f56bfc062723c751e8b465ee728b)  -> (artifact id: '3c9d944d1e68a17550f1e4e89bafbe35') in 0.001144 seconds 
========================================================================
Received Import Request.
  Time since last request: 0.053715 seconds.
  path: Assets/LampWall/Materials/Lamp_OFF.mat
  artifactKey: Guid(8eeaafb386b85614281d8eeed84c2950) Importer(815301076,1909f56bfc062723c751e8b465ee728b)
Start importing Assets/LampWall/Materials/Lamp_OFF.mat using Guid(8eeaafb386b85614281d8eeed84c2950) Importer(815301076,1909f56bfc062723c751e8b465ee728b)  -> (artifact id: '2a7e71033c106382e5e6eef7aaa6400a') in 0.029000 seconds 
========================================================================
Received Import Request.
  Time since last request: 1.613157 seconds.
  path: Assets/LampWall/FBX
  artifactKey: Guid(789c04eac40b9475fbf09e8ccb0f30ee) Importer(815301076,1909f56bfc062723c751e8b465ee728b)
Start importing Assets/LampWall/FBX using Guid(789c04eac40b9475fbf09e8ccb0f30ee) Importer(815301076,1909f56bfc062723c751e8b465ee728b)  -> (artifact id: '3228e8370a9fef1370c8cafd6c79498d') in 0.001110 seconds 
========================================================================
Received Import Request.
  Time since last request: 0.045556 seconds.
  path: Assets/LampWall/FBX/lampWall01_.fbx
  artifactKey: Guid(6b08163f3fb501042857418b11411088) Importer(815301076,1909f56bfc062723c751e8b465ee728b)
Start importing Assets/LampWall/FBX/lampWall01_.fbx using Guid(6b08163f3fb501042857418b11411088) Importer(815301076,1909f56bfc062723c751e8b465ee728b)  -> (artifact id: '9187591e9bed7fcb2f8c486388fb276e') in 0.109058 seconds 
========================================================================
Received Import Request.
  Time since last request: 8.875514 seconds.
  path: Assets/Laterns and candles/Sprites
  artifactKey: Guid(6563b584ab328e540a7915484e7f8cbd) Importer(815301076,1909f56bfc062723c751e8b465ee728b)
Start importing Assets/Laterns and candles/Sprites using Guid(6563b584ab328e540a7915484e7f8cbd) Importer(815301076,1909f56bfc062723c751e8b465ee728b)  -> (artifact id: '32fee4619080bd018999fa6ae9f39acb') in 0.000838 seconds 
========================================================================
Received Import Request.
  Time since last request: 0.312911 seconds.
  path: Assets/Laterns and candles/Sprites/blue_flame.tif
  artifactKey: Guid(9b530529fca8558449c2af2b412dbcb9) Importer(815301076,1909f56bfc062723c751e8b465ee728b)
Start importing Assets/Laterns and candles/Sprites/blue_flame.tif using Guid(9b530529fca8558449c2af2b412dbcb9) Importer(815301076,1909f56bfc062723c751e8b465ee728b)  -> (artifact id: '2f708dcd4ab3edb290aede789f32d9fe') in 0.934132 seconds 
========================================================================
Received Import Request.
  Time since last request: 1.994616 seconds.
  path: Assets/Laterns and candles/scripts
  artifactKey: Guid(e2fcbeeb74fe9964ba6d8dde33d023ed) Importer(815301076,1909f56bfc062723c751e8b465ee728b)
Start importing Assets/Laterns and candles/scripts using Guid(e2fcbeeb74fe9964ba6d8dde33d023ed) Importer(815301076,1909f56bfc062723c751e8b465ee728b)  -> (artifact id: 'c45d39e8fb77c8ea1b67e9107ef54f7c') in 0.001224 seconds 
========================================================================
Received Import Request.
  Time since last request: 2.127936 seconds.
  path: Assets/Laterns and candles/Materials
  artifactKey: Guid(da5ea4106d53eae4a8e9534bfefdca70) Importer(815301076,1909f56bfc062723c751e8b465ee728b)
Start importing Assets/Laterns and candles/Materials using Guid(da5ea4106d53eae4a8e9534bfefdca70) Importer(815301076,1909f56bfc062723c751e8b465ee728b)  -> (artifact id: '2f12347848398abc25477f7654ba82f2') in 0.000970 seconds 
========================================================================
Received Import Request.
  Time since last request: 0.101932 seconds.
  path: Assets/Laterns and candles/Materials/Candle1.mat
  artifactKey: Guid(2ff38d00be4eef640bf6495fe8a5b54f) Importer(815301076,1909f56bfc062723c751e8b465ee728b)
Start importing Assets/Laterns and candles/Materials/Candle1.mat using Guid(2ff38d00be4eef640bf6495fe8a5b54f) Importer(815301076,1909f56bfc062723c751e8b465ee728b)  -> (artifact id: 'd31c61438754e764afc13fdcff885b80') in 0.031227 seconds 
========================================================================
Received Import Request.
  Time since last request: 0.000066 seconds.
  path: Assets/Laterns and candles/Materials/red_flame.mat
  artifactKey: Guid(169561acafe59bb4a98af6cbfc772d72) Importer(815301076,1909f56bfc062723c751e8b465ee728b)
Start importing Assets/Laterns and candles/Materials/red_flame.mat using Guid(169561acafe59bb4a98af6cbfc772d72) Importer(815301076,1909f56bfc062723c751e8b465ee728b)  -> (artifact id: '428e0c9bc46e706c94c6c4491f216f1d') in 0.012132 seconds 
========================================================================
Received Import Request.
  Time since last request: 0.000102 seconds.
  path: Assets/Laterns and candles/Materials/Latern1.mat
  artifactKey: Guid(05b01ea2579be9f4ebed435fb445e6d6) Importer(815301076,1909f56bfc062723c751e8b465ee728b)
Start importing Assets/Laterns and candles/Materials/Latern1.mat using Guid(05b01ea2579be9f4ebed435fb445e6d6) Importer(815301076,1909f56bfc062723c751e8b465ee728b)  -> (artifact id: 'da4464ae8cc7abc06a846293d3549135') in 0.016365 seconds 
========================================================================
Received Import Request.
  Time since last request: 0.000084 seconds.
  path: Assets/Laterns and candles/Materials/Candle3_greenEmission.mat
  artifactKey: Guid(1a7fe1134bbe65f48b85c1c566b4c88b) Importer(815301076,1909f56bfc062723c751e8b465ee728b)
Start importing Assets/Laterns and candles/Materials/Candle3_greenEmission.mat using Guid(1a7fe1134bbe65f48b85c1c566b4c88b) Importer(815301076,1909f56bfc062723c751e8b465ee728b)  -> (artifact id: 'b61a5465defad4e44f1ab0a5439c855e') in 0.013089 seconds 
========================================================================
Received Import Request.
  Time since last request: 0.000092 seconds.
  path: Assets/Laterns and candles/Materials/Lamp2colormap.mat
  artifactKey: Guid(b5468ab085cc2a04b8f560aff873e193) Importer(815301076,1909f56bfc062723c751e8b465ee728b)
Start importing Assets/Laterns and candles/Materials/Lamp2colormap.mat using Guid(b5468ab085cc2a04b8f560aff873e193) Importer(815301076,1909f56bfc062723c751e8b465ee728b)  -> (artifact id: '82b8fc9b0cfc6eb785eac0eea8974071') in 0.018238 seconds 
========================================================================
Received Import Request.
  Time since last request: 0.000066 seconds.
  path: Assets/Laterns and candles/Materials/Candle2_colormap.mat
  artifactKey: Guid(e8a238b982fb7d84483855148e713386) Importer(815301076,1909f56bfc062723c751e8b465ee728b)
Start importing Assets/Laterns and candles/Materials/Candle2_colormap.mat using Guid(e8a238b982fb7d84483855148e713386) Importer(815301076,1909f56bfc062723c751e8b465ee728b)  -> (artifact id: '8ff2c0581ce1e3543ceefc974de1b449') in 0.012195 seconds 
========================================================================
Received Import Request.
  Time since last request: 0.000061 seconds.
  path: Assets/Laterns and candles/Materials/Latern_glass1.mat
  artifactKey: Guid(a9cef664c9823034db4a08c78926b38a) Importer(815301076,1909f56bfc062723c751e8b465ee728b)
Start importing Assets/Laterns and candles/Materials/Latern_glass1.mat using Guid(a9cef664c9823034db4a08c78926b38a) Importer(815301076,1909f56bfc062723c751e8b465ee728b)  -> (artifact id: '85e83a9432ccb98900a01fe7e4db2901') in 0.020666 seconds 
========================================================================
Received Import Request.
  Time since last request: 0.000074 seconds.
  path: Assets/Laterns and candles/Materials/Glass5.mat
  artifactKey: Guid(214a8b1bce6e52a409816e8baa19bd9c) Importer(815301076,1909f56bfc062723c751e8b465ee728b)
Start importing Assets/Laterns and candles/Materials/Glass5.mat using Guid(214a8b1bce6e52a409816e8baa19bd9c) Importer(815301076,1909f56bfc062723c751e8b465ee728b)  -> (artifact id: '269054f238757c0e465667c18f09bcca') in 0.010267 seconds 
========================================================================
Received Import Request.
  Time since last request: 0.000064 seconds.
  path: Assets/Laterns and candles/Materials/Candle2_blueEmission.mat
  artifactKey: Guid(3d575510381c2ec4e901a80b63d9698b) Importer(815301076,1909f56bfc062723c751e8b465ee728b)
Start importing Assets/Laterns and candles/Materials/Candle2_blueEmission.mat using Guid(3d575510381c2ec4e901a80b63d9698b) Importer(815301076,1909f56bfc062723c751e8b465ee728b)  -> (artifact id: 'b4ddb870053de35fddf71bedac6c77aa') in 0.008668 seconds 
========================================================================
Received Import Request.
  Time since last request: 0.000041 seconds.
  path: Assets/Laterns and candles/Materials/green_flame.mat
  artifactKey: Guid(5d52096ef5969654399fc74a1e5e38f0) Importer(815301076,1909f56bfc062723c751e8b465ee728b)
Start importing Assets/Laterns and candles/Materials/green_flame.mat using Guid(5d52096ef5969654399fc74a1e5e38f0) Importer(815301076,1909f56bfc062723c751e8b465ee728b)  -> (artifact id: '015f76d4fc77741a12368298cd3d55ac') in 0.029842 seconds 
========================================================================
Received Import Request.
  Time since last request: 0.000043 seconds.
  path: Assets/Laterns and candles/Materials/Candle1green_emission.mat
  artifactKey: Guid(c1c9de58b363874419f5164aad3f6335) Importer(815301076,1909f56bfc062723c751e8b465ee728b)
Start importing Assets/Laterns and candles/Materials/Candle1green_emission.mat using Guid(c1c9de58b363874419f5164aad3f6335) Importer(815301076,1909f56bfc062723c751e8b465ee728b)  -> (artifact id: '125d98ed041532f2d6c459f350d12e03') in 0.009255 seconds 
========================================================================
Received Import Request.
  Time since last request: 0.000047 seconds.
  path: Assets/Laterns and candles/Materials/Lamp3_colormap.mat
  artifactKey: Guid(e068aa98828fe244faa2219e58e0834e) Importer(815301076,1909f56bfc062723c751e8b465ee728b)
Start importing Assets/Laterns and candles/Materials/Lamp3_colormap.mat using Guid(e068aa98828fe244faa2219e58e0834e) Importer(815301076,1909f56bfc062723c751e8b465ee728b)  -> (artifact id: 'b4ea43fb522a97a0603b6db0298048e7') in 0.016531 seconds 
========================================================================
Received Import Request.
  Time since last request: 0.000045 seconds.
  path: Assets/Laterns and candles/Materials/lustre.mat
  artifactKey: Guid(727eea6fd83da374cb05d321c4d90207) Importer(815301076,1909f56bfc062723c751e8b465ee728b)
Start importing Assets/Laterns and candles/Materials/lustre.mat using Guid(727eea6fd83da374cb05d321c4d90207) Importer(815301076,1909f56bfc062723c751e8b465ee728b)  -> (artifact id: 'a60ee12f511673f0216c5965b3925e7d') in 0.016476 seconds 
========================================================================
Received Import Request.
  Time since last request: 0.000047 seconds.
  path: Assets/Laterns and candles/Materials/CarvedLampPost2.mat
  artifactKey: Guid(01417397b4060a84dabece89e51fb467) Importer(815301076,1909f56bfc062723c751e8b465ee728b)
Start importing Assets/Laterns and candles/Materials/CarvedLampPost2.mat using Guid(01417397b4060a84dabece89e51fb467) Importer(815301076,1909f56bfc062723c751e8b465ee728b)  -> (artifact id: '11cc9fc78551ee3c87094eb70fe045ed') in 0.017225 seconds 
========================================================================
Received Import Request.
  Time since last request: 0.000056 seconds.
  path: Assets/Laterns and candles/Materials/Candle2_greenEmission.mat
  artifactKey: Guid(64cfed834ca3eb24d86a1b21b55000ad) Importer(815301076,1909f56bfc062723c751e8b465ee728b)
Start importing Assets/Laterns and candles/Materials/Candle2_greenEmission.mat using Guid(64cfed834ca3eb24d86a1b21b55000ad) Importer(815301076,1909f56bfc062723c751e8b465ee728b)  -> (artifact id: 'c9560d63aba1599154f5fb2b2c05fafd') in 0.010355 seconds 
========================================================================
Received Import Request.
  Time since last request: 0.000052 seconds.
  path: Assets/Laterns and candles/Materials/Latern4_colormap.mat
  artifactKey: Guid(de1e4e1a8ed19f9438342d79e0edf248) Importer(815301076,1909f56bfc062723c751e8b465ee728b)
Start importing Assets/Laterns and candles/Materials/Latern4_colormap.mat using Guid(de1e4e1a8ed19f9438342d79e0edf248) Importer(815301076,1909f56bfc062723c751e8b465ee728b)  -> (artifact id: '90df711dc0b58154a0eb01d44369e63c') in 0.013494 seconds 
========================================================================
Received Import Request.
  Time since last request: 2.576695 seconds.
  path: Assets/Laterns and candles/Meshes
  artifactKey: Guid(50a833d9122d3c5428c84384c9b5aa2d) Importer(815301076,1909f56bfc062723c751e8b465ee728b)
Start importing Assets/Laterns and candles/Meshes using Guid(50a833d9122d3c5428c84384c9b5aa2d) Importer(815301076,1909f56bfc062723c751e8b465ee728b)  -> (artifact id: '236cc3b9a8cd5516e983941a5402390d') in 0.001978 seconds 
========================================================================
Received Import Request.
  Time since last request: 78.819902 seconds.
  path: Assets/Laterns and candles/textures
  artifactKey: Guid(28d53266e7fa22e40b3508c609db47a1) Importer(815301076,1909f56bfc062723c751e8b465ee728b)
Start importing Assets/Laterns and candles/textures using Guid(28d53266e7fa22e40b3508c609db47a1) Importer(815301076,1909f56bfc062723c751e8b465ee728b)  -> (artifact id: 'bd6aa1ebc48e8c79fdbaefcad963f4fb') in 0.002545 seconds 
========================================================================
Received Import Request.
  Time since last request: 3.481509 seconds.
  path: Assets/Laterns and candles/Shaders
  artifactKey: Guid(194c5f733c7534ed790e101791e86518) Importer(815301076,1909f56bfc062723c751e8b465ee728b)
Start importing Assets/Laterns and candles/Shaders using Guid(194c5f733c7534ed790e101791e86518) Importer(815301076,1909f56bfc062723c751e8b465ee728b)  -> (artifact id: '78d3904afb274446d341041c196c94d0') in 0.002024 seconds 
========================================================================
Received Import Request.
  Time since last request: 19.980979 seconds.
  path: Assets/Laterns and candles/Meshes/Candle1.fbx
  artifactKey: Guid(11033fb50e55f4f4bb148c9b934959e3) Importer(815301076,1909f56bfc062723c751e8b465ee728b)
Start importing Assets/Laterns and candles/Meshes/Candle1.fbx using Guid(11033fb50e55f4f4bb148c9b934959e3) Importer(815301076,1909f56bfc062723c751e8b465ee728b)  -> (artifact id: '8b9ab046a8a60b5e030c70c6194b2127') in 0.056488 seconds 
========================================================================
Received Import Request.
  Time since last request: 0.000067 seconds.
  path: Assets/Laterns and candles/Meshes/candlestick.fbx
  artifactKey: Guid(084da560759559f4995810207469e30a) Importer(815301076,1909f56bfc062723c751e8b465ee728b)
Start importing Assets/Laterns and candles/Meshes/candlestick.fbx using Guid(084da560759559f4995810207469e30a) Importer(815301076,1909f56bfc062723c751e8b465ee728b)  -> (artifact id: 'f44a3957dad8af1c8f3fd2bc7712fd90') in 0.058614 seconds 
========================================================================
Received Import Request.
  Time since last request: 0.000113 seconds.
  path: Assets/Laterns and candles/Meshes/candlestick_wall.fbx
  artifactKey: Guid(d1c8331cd64e7684298abc6c6ee000e3) Importer(815301076,1909f56bfc062723c751e8b465ee728b)
Start importing Assets/Laterns and candles/Meshes/candlestick_wall.fbx using Guid(d1c8331cd64e7684298abc6c6ee000e3) Importer(815301076,1909f56bfc062723c751e8b465ee728b)  -> (artifact id: 'f63ed56237e56ca236a6e5b781c3bc42') in 0.028138 seconds 
========================================================================
Received Import Request.
  Time since last request: 0.000132 seconds.
  path: Assets/Laterns and candles/Meshes/LampPost.fbx
  artifactKey: Guid(1ed05b93464bb6242b1d0cf9e388ed67) Importer(815301076,1909f56bfc062723c751e8b465ee728b)
Start importing Assets/Laterns and candles/Meshes/LampPost.fbx using Guid(1ed05b93464bb6242b1d0cf9e388ed67) Importer(815301076,1909f56bfc062723c751e8b465ee728b)  -> (artifact id: 'fe2aa674fba4233b534945df8ff4627b') in 0.029511 seconds 
========================================================================
Received Import Request.
  Time since last request: 0.000046 seconds.
  path: Assets/Laterns and candles/Meshes/Candle3.fbx
  artifactKey: Guid(21c30a3c7192a0649813ca3fe2cdb009) Importer(815301076,1909f56bfc062723c751e8b465ee728b)
Start importing Assets/Laterns and candles/Meshes/Candle3.fbx using Guid(21c30a3c7192a0649813ca3fe2cdb009) Importer(815301076,1909f56bfc062723c751e8b465ee728b)  -> (artifact id: '98b6eecc0c077f65994b8ed70408cf88') in 0.015396 seconds 
========================================================================
Received Import Request.
  Time since last request: 0.000046 seconds.
  path: Assets/Laterns and candles/Meshes/Latern2.fbx
  artifactKey: Guid(2822a6c192bfe4644849c5e3d4bb4f2a) Importer(815301076,1909f56bfc062723c751e8b465ee728b)
Start importing Assets/Laterns and candles/Meshes/Latern2.fbx using Guid(2822a6c192bfe4644849c5e3d4bb4f2a) Importer(815301076,1909f56bfc062723c751e8b465ee728b)  -> (artifact id: '52c5859f553b94f086a6fa723e9b04c8') in 0.049159 seconds 
========================================================================
Received Import Request.
  Time since last request: 0.000048 seconds.
  path: Assets/Laterns and candles/Meshes/Latern3.fbx
  artifactKey: Guid(c124bcb1a14e7054b8c99e402a20ee07) Importer(815301076,1909f56bfc062723c751e8b465ee728b)
Start importing Assets/Laterns and candles/Meshes/Latern3.fbx using Guid(c124bcb1a14e7054b8c99e402a20ee07) Importer(815301076,1909f56bfc062723c751e8b465ee728b)  -> (artifact id: 'eb0cf8ba2c07a7c3010fa9232f9bb532') in 0.046205 seconds 
========================================================================
Received Import Request.
  Time since last request: 0.000051 seconds.
  path: Assets/Laterns and candles/Meshes/Latern1.fbx
  artifactKey: Guid(d78538bd679f6fe4b9bd7c6c1e9c8485) Importer(815301076,1909f56bfc062723c751e8b465ee728b)
Start importing Assets/Laterns and candles/Meshes/Latern1.fbx using Guid(d78538bd679f6fe4b9bd7c6c1e9c8485) Importer(815301076,1909f56bfc062723c751e8b465ee728b)  -> (artifact id: '2d510c3e2e452df726b4ae61bbdd3e12') in 0.065516 seconds 
========================================================================
Received Import Request.
  Time since last request: 0.000048 seconds.
  path: Assets/Laterns and candles/Meshes/Latern5.fbx
  artifactKey: Guid(92a5a5383e624784da2627a47a052328) Importer(815301076,1909f56bfc062723c751e8b465ee728b)
Start importing Assets/Laterns and candles/Meshes/Latern5.fbx using Guid(92a5a5383e624784da2627a47a052328) Importer(815301076,1909f56bfc062723c751e8b465ee728b)  -> (artifact id: 'eea36f43edfe46a63f34d26e7af7bbcf') in 0.072549 seconds 
========================================================================
Received Import Request.
  Time since last request: 7.528149 seconds.
  path: Assets/Laterns and candles/Meshes/Materials
  artifactKey: Guid(4182adac7a53641108f3c36db3683207) Importer(815301076,1909f56bfc062723c751e8b465ee728b)
Start importing Assets/Laterns and candles/Meshes/Materials using Guid(4182adac7a53641108f3c36db3683207) Importer(815301076,1909f56bfc062723c751e8b465ee728b)  -> (artifact id: '2de35d81876b0d08ac97ab825ab6d83d') in 0.001279 seconds 
========================================================================
Received Prepare
Registering precompiled user dll's ...
Registered in 0.002437 seconds.
Begin MonoManager ReloadAssembly
Symbol file LoadedFromMemory doesn't match image /Users/nelsontoneze/Downloads/UTFPR/cg/Project Computação Gráfica/Library/PackageCache/com.unity.visualscripting@1.7.8/Editor/VisualScripting.Core/Dependencies/YamlDotNet/Unity.VisualScripting.YamlDotNet.dll
Symbol file LoadedFromMemory doesn't match image /Users/nelsontoneze/Downloads/UTFPR/cg/Project Computação Gráfica/Library/PackageCache/com.unity.visualscripting@1.7.8/Editor/VisualScripting.Core/Dependencies/DotNetZip/Unity.VisualScripting.IonicZip.dll
Native extension for OSXStandalone target not found
Refreshing native plugins compatible for Editor in 1.10 ms, found 2 plugins.
Preloading 0 native plugins for Editor in 0.00 ms.
Mono: successfully reloaded assembly
- Completed reload, in  2.883 seconds
Domain Reload Profiling:
	ReloadAssembly (2886ms)
		BeginReloadAssembly (447ms)
			ExecutionOrderSort (0ms)
			DisableScriptedObjects (49ms)
			BackupInstance (0ms)
			ReleaseScriptingObjects (0ms)
			CreateAndSetChildDomain (123ms)
		EndReloadAssembly (2143ms)
			LoadAssemblies (228ms)
			RebuildTransferFunctionScriptingTraits (0ms)
			SetupTypeCache (406ms)
			ReleaseScriptCaches (2ms)
			RebuildScriptCaches (55ms)
			SetupLoadedEditorAssemblies (1278ms)
				LogAssemblyErrors (0ms)
				InitializePlatformSupportModulesInManaged (45ms)
				SetLoadedEditorAssemblies (2ms)
				RefreshPlugins (1ms)
				BeforeProcessingInitializeOnLoad (139ms)
				ProcessInitializeOnLoadAttributes (954ms)
				ProcessInitializeOnLoadMethodAttributes (135ms)
				AfterProcessingInitializeOnLoad (1ms)
				EditorAssembliesLoaded (0ms)
			ExecutionOrderSort2 (0ms)
			AwakeInstancesAfterBackupRestoration (15ms)
Platform modules already initialized, skipping
Refreshing native plugins compatible for Editor in 1.32 ms, found 2 plugins.
Preloading 0 native plugins for Editor in 0.00 ms.
Unloading 3364 Unused Serialized files (Serialized files now loaded: 0)
Unloading 22 unused Assets / (71.9 KB). Loaded Objects now: 3937.
Memory consumption went from 292.3 MB to 292.2 MB.
Total: 5.432625 ms (FindLiveObjects: 0.305167 ms CreateObjectMapping: 0.132542 ms MarkObjects: 4.836208 ms  DeleteObjects: 0.157084 ms)

AssetImportParameters requested are different than current active one (requested -> active):
  custom:video-decoder-ogg-theora: a1e56fd34408186e4bbccfd4996cb3dc -> 
  custom:container-muxer-webm: aa71ff27fc2769a1b78a27578f13a17b -> 
  custom:container-demuxer-webm: 4f35f7cbe854078d1ac9338744f61a02 -> 
  custom:video-encoder-webm-vp8: eb34c28f22e8b96e1ab97ce403110664 -> 
  custom:framework-osx-AVFoundation: e770b220cccbd017edd2c1fefb359320 -> 
  custom:audio-encoder-webm-vorbis: bf7c407c2cedff20999df2af8eb42d56 -> 
  custom:container-demuxer-ogg: 62fdf1f143b41e24485cea50d1cbac27 -> 
  custom:video-decoder-webm-vp8: 9c59270c3fd7afecdb556c50c9e8de78 -> 
  custom:audio-decoder-ogg-vorbis: bf7c407c2cedff20999df2af8eb42d56 -> 
========================================================================
Received Prepare
Registering precompiled user dll's ...
Registered in 0.002346 seconds.
Begin MonoManager ReloadAssembly
Symbol file LoadedFromMemory doesn't match image /Users/nelsontoneze/Downloads/UTFPR/cg/Project Computação Gráfica/Library/PackageCache/com.unity.visualscripting@1.7.8/Editor/VisualScripting.Core/Dependencies/YamlDotNet/Unity.VisualScripting.YamlDotNet.dll
Symbol file LoadedFromMemory doesn't match image /Users/nelsontoneze/Downloads/UTFPR/cg/Project Computação Gráfica/Library/PackageCache/com.unity.visualscripting@1.7.8/Editor/VisualScripting.Core/Dependencies/DotNetZip/Unity.VisualScripting.IonicZip.dll
Native extension for OSXStandalone target not found
Refreshing native plugins compatible for Editor in 2.31 ms, found 2 plugins.
Preloading 0 native plugins for Editor in 0.00 ms.
Mono: successfully reloaded assembly
- Completed reload, in  2.909 seconds
Domain Reload Profiling:
	ReloadAssembly (2912ms)
		BeginReloadAssembly (456ms)
			ExecutionOrderSort (0ms)
			DisableScriptedObjects (48ms)
			BackupInstance (0ms)
			ReleaseScriptingObjects (0ms)
			CreateAndSetChildDomain (133ms)
		EndReloadAssembly (2137ms)
			LoadAssemblies (231ms)
			RebuildTransferFunctionScriptingTraits (5ms)
			SetupTypeCache (394ms)
			ReleaseScriptCaches (14ms)
			RebuildScriptCaches (55ms)
			SetupLoadedEditorAssemblies (1307ms)
				LogAssemblyErrors (0ms)
				InitializePlatformSupportModulesInManaged (36ms)
				SetLoadedEditorAssemblies (1ms)
				RefreshPlugins (2ms)
				BeforeProcessingInitializeOnLoad (129ms)
				ProcessInitializeOnLoadAttributes (998ms)
				ProcessInitializeOnLoadMethodAttributes (139ms)
				AfterProcessingInitializeOnLoad (1ms)
				EditorAssembliesLoaded (0ms)
			ExecutionOrderSort2 (0ms)
			AwakeInstancesAfterBackupRestoration (16ms)
Platform modules already initialized, skipping
Refreshing native plugins compatible for Editor in 1.83 ms, found 2 plugins.
Preloading 0 native plugins for Editor in 0.00 ms.
Unloading 3366 Unused Serialized files (Serialized files now loaded: 0)
Unloading 20 unused Assets / (71.9 KB). Loaded Objects now: 3942.
Memory consumption went from 292.6 MB to 292.6 MB.
Total: 3.251167 ms (FindLiveObjects: 0.255000 ms CreateObjectMapping: 0.117750 ms MarkObjects: 2.718000 ms  DeleteObjects: 0.159666 ms)

AssetImportParameters requested are different than current active one (requested -> active):
  custom:video-decoder-ogg-theora: a1e56fd34408186e4bbccfd4996cb3dc -> 
  custom:container-muxer-webm: aa71ff27fc2769a1b78a27578f13a17b -> 
  custom:container-demuxer-webm: 4f35f7cbe854078d1ac9338744f61a02 -> 
  custom:video-encoder-webm-vp8: eb34c28f22e8b96e1ab97ce403110664 -> 
  custom:framework-osx-AVFoundation: e770b220cccbd017edd2c1fefb359320 -> 
  custom:audio-encoder-webm-vorbis: bf7c407c2cedff20999df2af8eb42d56 -> 
  custom:container-demuxer-ogg: 62fdf1f143b41e24485cea50d1cbac27 -> 
  custom:video-decoder-webm-vp8: 9c59270c3fd7afecdb556c50c9e8de78 -> 
  custom:audio-decoder-ogg-vorbis: bf7c407c2cedff20999df2af8eb42d56 -> 
========================================================================
Received Import Request.
  Time since last request: 245.529367 seconds.
  path: Assets/LampWall
  artifactKey: Guid(a8bb6198794544034b0891de89e3fd67) Importer(815301076,1909f56bfc062723c751e8b465ee728b)
Start importing Assets/LampWall using Guid(a8bb6198794544034b0891de89e3fd67) Importer(815301076,1909f56bfc062723c751e8b465ee728b)  -> (artifact id: '702615a8369cc8e96d7cc547d20bad9a') in 0.023893 seconds 
========================================================================
Received Import Request.
  Time since last request: 1.802927 seconds.
  path: Assets/Laterns and candles
  artifactKey: Guid(4354869e3a85e452fa0025d1ffde3652) Importer(815301076,1909f56bfc062723c751e8b465ee728b)
Start importing Assets/Laterns and candles using Guid(4354869e3a85e452fa0025d1ffde3652) Importer(815301076,1909f56bfc062723c751e8b465ee728b)  -> (artifact id: '5171634aa34716f6ec70ad7199ba645f') in 0.002953 seconds 
