Unity Editor version:    2021.3.4f1 (cb45f9cae8b7)
Branch:                  2021.3/staging
Build type:              Release
Batch mode:              YES
macOS version:           Version 12.3.1 (Build 21E258)
Darwin version:          21.4.0
Architecture:            x86_64
Running under Rosetta:   YES
Available memory:        8192 MB
Using pre-set license
Pro License: YES

COMMAND LINE ARGUMENTS:
/Applications/Unity/Hub/Editor/2021.3.4f1/Unity.app/Contents/MacOS/Unity
-adb2
-batchMode
-noUpm
-name
AssetImportWorker1
-projectPath
/Users/nelsontoneze/Downloads/UTFPR/cg/Project Computação Gráfica
-logFile
Logs/AssetImportWorker1.log
-srvPort
55174
Successfully changed project path to: /Users/nelsontoneze/Downloads/UTFPR/cg/Project Computação Gráfica
/Users/nelsontoneze/Downloads/UTFPR/cg/Project Computação Gráfica
[UnityMemory] Configuration Parameters - Can be set up in boot.config
    "memorysetup-bucket-allocator-granularity=16"
    "memorysetup-bucket-allocator-bucket-count=8"
    "memorysetup-bucket-allocator-block-size=33554432"
    "memorysetup-bucket-allocator-block-count=8"
    "memorysetup-main-allocator-block-size=16777216"
    "memorysetup-thread-allocator-block-size=16777216"
    "memorysetup-gfx-main-allocator-block-size=16777216"
    "memorysetup-gfx-thread-allocator-block-size=16777216"
    "memorysetup-cache-allocator-block-size=4194304"
    "memorysetup-typetree-allocator-block-size=2097152"
    "memorysetup-profiler-bucket-allocator-granularity=16"
    "memorysetup-profiler-bucket-allocator-bucket-count=8"
    "memorysetup-profiler-bucket-allocator-block-size=33554432"
    "memorysetup-profiler-bucket-allocator-block-count=8"
    "memorysetup-profiler-allocator-block-size=16777216"
    "memorysetup-profiler-editor-allocator-block-size=1048576"
    "memorysetup-temp-allocator-size-main=16777216"
    "memorysetup-job-temp-allocator-block-size=2097152"
    "memorysetup-job-temp-allocator-block-size-background=1048576"
    "memorysetup-job-temp-allocator-reduction-small-platforms=262144"
    "memorysetup-temp-allocator-size-background-worker=32768"
    "memorysetup-temp-allocator-size-job-worker=262144"
    "memorysetup-temp-allocator-size-preload-manager=33554432"
    "memorysetup-temp-allocator-size-nav-mesh-worker=65536"
    "memorysetup-temp-allocator-size-audio-worker=65536"
    "memorysetup-temp-allocator-size-cloud-worker=32768"
    "memorysetup-temp-allocator-size-gi-baking-worker=262144"
    "memorysetup-temp-allocator-size-gfx=262144"
Refreshing native plugins compatible for Editor in 194.95 ms, found 2 plugins.
Preloading 0 native plugins for Editor in 0.00 ms.
Initialize engine version: 2021.3.4f1 (cb45f9cae8b7)
[Subsystems] Discovering subsystems at path /Applications/Unity/Hub/Editor/2021.3.4f1/Unity.app/Contents/Resources/UnitySubsystems
[Subsystems] Discovering subsystems at path /Users/nelsontoneze/Downloads/UTFPR/cg/Project Computação Gráfica/Assets
GfxDevice: creating device client; threaded=0; jobified=0
 preferred device: Apple M1 (high power)
Metal devices available: 1
0: Apple M1 (high power)
Using device Apple M1 (high power)
Initializing Metal device caps: Apple M1
Initialize mono
Mono path[0] = '/Applications/Unity/Hub/Editor/2021.3.4f1/Unity.app/Contents/Managed'
Mono path[1] = '/Applications/Unity/Hub/Editor/2021.3.4f1/Unity.app/Contents/MonoBleedingEdge/lib/mono/unityjit-macos'
Mono config path = '/Applications/Unity/Hub/Editor/2021.3.4f1/Unity.app/Contents/MonoBleedingEdge/etc'
Using monoOptions --debugger-agent=transport=dt_socket,embedding=1,server=y,suspend=n,address=127.0.0.1:56649
Begin MonoManager ReloadAssembly
Registering precompiled unity dll's ...
Register platform support module: /Applications/Unity/Hub/Editor/2021.3.4f1/Unity.app/Contents/PlaybackEngines/MacStandaloneSupport/UnityEditor.OSXStandalone.Extensions.dll
Registered in 0.001117 seconds.
Native extension for OSXStandalone target not found
Refreshing native plugins compatible for Editor in 96.75 ms, found 2 plugins.
Preloading 0 native plugins for Editor in 0.00 ms.
Mono: successfully reloaded assembly
- Completed reload, in  1.466 seconds
Domain Reload Profiling:
	ReloadAssembly (1467ms)
		BeginReloadAssembly (171ms)
			ExecutionOrderSort (0ms)
			DisableScriptedObjects (0ms)
			BackupInstance (0ms)
			ReleaseScriptingObjects (0ms)
			CreateAndSetChildDomain (3ms)
		EndReloadAssembly (1068ms)
			LoadAssemblies (168ms)
			RebuildTransferFunctionScriptingTraits (2ms)
			SetupTypeCache (142ms)
			ReleaseScriptCaches (0ms)
			RebuildScriptCaches (37ms)
			SetupLoadedEditorAssemblies (743ms)
				LogAssemblyErrors (0ms)
				InitializePlatformSupportModulesInManaged (19ms)
				SetLoadedEditorAssemblies (0ms)
				RefreshPlugins (97ms)
				BeforeProcessingInitializeOnLoad (5ms)
				ProcessInitializeOnLoadAttributes (452ms)
				ProcessInitializeOnLoadMethodAttributes (170ms)
				AfterProcessingInitializeOnLoad (0ms)
				EditorAssembliesLoaded (1ms)
			ExecutionOrderSort2 (0ms)
			AwakeInstancesAfterBackupRestoration (0ms)
Platform modules already initialized, skipping
Registering precompiled user dll's ...
Registered in 0.008576 seconds.
Begin MonoManager ReloadAssembly
Symbol file LoadedFromMemory doesn't match image /Users/nelsontoneze/Downloads/UTFPR/cg/Project Computação Gráfica/Library/PackageCache/com.unity.visualscripting@1.7.8/Editor/VisualScripting.Core/Dependencies/YamlDotNet/Unity.VisualScripting.YamlDotNet.dll
Symbol file LoadedFromMemory doesn't match image /Users/nelsontoneze/Downloads/UTFPR/cg/Project Computação Gráfica/Library/PackageCache/com.unity.visualscripting@1.7.8/Editor/VisualScripting.Core/Dependencies/DotNetZip/Unity.VisualScripting.IonicZip.dll
Native extension for OSXStandalone target not found
Refreshing native plugins compatible for Editor in 1.92 ms, found 2 plugins.
Preloading 0 native plugins for Editor in 0.00 ms.
Mono: successfully reloaded assembly
- Completed reload, in  2.662 seconds
Domain Reload Profiling:
	ReloadAssembly (2665ms)
		BeginReloadAssembly (244ms)
			ExecutionOrderSort (0ms)
			DisableScriptedObjects (36ms)
			BackupInstance (0ms)
			ReleaseScriptingObjects (0ms)
			CreateAndSetChildDomain (30ms)
		EndReloadAssembly (2119ms)
			LoadAssemblies (157ms)
			RebuildTransferFunctionScriptingTraits (0ms)
			SetupTypeCache (356ms)
			ReleaseScriptCaches (1ms)
			RebuildScriptCaches (63ms)
			SetupLoadedEditorAssemblies (1377ms)
				LogAssemblyErrors (0ms)
				InitializePlatformSupportModulesInManaged (15ms)
				SetLoadedEditorAssemblies (1ms)
				RefreshPlugins (2ms)
				BeforeProcessingInitializeOnLoad (149ms)
				ProcessInitializeOnLoadAttributes (1087ms)
				ProcessInitializeOnLoadMethodAttributes (122ms)
				AfterProcessingInitializeOnLoad (1ms)
				EditorAssembliesLoaded (0ms)
			ExecutionOrderSort2 (0ms)
			AwakeInstancesAfterBackupRestoration (12ms)
Platform modules already initialized, skipping
========================================================================
Worker process is ready to serve import requests
Launching external process: /Applications/Unity/Hub/Editor/2021.3.4f1/Unity.app/Contents/Tools/UnityShaderCompiler
Launched and connected shader compiler UnityShaderCompiler after 1.43 seconds
Refreshing native plugins compatible for Editor in 0.53 ms, found 2 plugins.
Preloading 0 native plugins for Editor in 0.00 ms.
Unloading 3369 Unused Serialized files (Serialized files now loaded: 0)
Unloading 27 unused Assets / (94.5 KB). Loaded Objects now: 3825.
Memory consumption went from 228.6 MB to 228.5 MB.
Total: 8.953042 ms (FindLiveObjects: 0.531583 ms CreateObjectMapping: 0.229875 ms MarkObjects: 7.995708 ms  DeleteObjects: 0.191292 ms)

AssetImportParameters requested are different than current active one (requested -> active):
  custom:video-decoder-ogg-theora: a1e56fd34408186e4bbccfd4996cb3dc -> 
  custom:container-muxer-webm: aa71ff27fc2769a1b78a27578f13a17b -> 
  custom:container-demuxer-webm: 4f35f7cbe854078d1ac9338744f61a02 -> 
  custom:video-encoder-webm-vp8: eb34c28f22e8b96e1ab97ce403110664 -> 
  custom:framework-osx-AVFoundation: e770b220cccbd017edd2c1fefb359320 -> 
  custom:audio-encoder-webm-vorbis: bf7c407c2cedff20999df2af8eb42d56 -> 
  custom:container-demuxer-ogg: 62fdf1f143b41e24485cea50d1cbac27 -> 
  custom:video-decoder-webm-vp8: 9c59270c3fd7afecdb556c50c9e8de78 -> 
  custom:audio-decoder-ogg-vorbis: bf7c407c2cedff20999df2af8eb42d56 -> 
========================================================================
Received Import Request.
  Time since last request: 1458479.306653 seconds.
  path: Assets/Scenes/M_plano.mat
  artifactKey: Guid(0c393e6bdf89245b990d770deef41b26) Importer(815301076,1909f56bfc062723c751e8b465ee728b)
Start importing Assets/Scenes/M_plano.mat using Guid(0c393e6bdf89245b990d770deef41b26) Importer(815301076,1909f56bfc062723c751e8b465ee728b)  -> (artifact id: '8f89661400e10a677222644cf95c1ab4') in 0.967596 seconds 
========================================================================
Received Import Request.
  Time since last request: 1180.746336 seconds.
  path: Assets/Low Poly Houses Pack/Prefabs/House_02.prefab
  artifactKey: Guid(5a6a1737c26f48b408b468797024d450) Importer(815301076,1909f56bfc062723c751e8b465ee728b)
Start importing Assets/Low Poly Houses Pack/Prefabs/House_02.prefab using Guid(5a6a1737c26f48b408b468797024d450) Importer(815301076,1909f56bfc062723c751e8b465ee728b)  -> (artifact id: '069176462b10bb6d3b5684e543228fe3') in 0.331052 seconds 
========================================================================
Received Import Request.
  Time since last request: 0.000223 seconds.
  path: Assets/Low Poly Houses Pack/Prefabs/House_16.prefab
  artifactKey: Guid(4107aaa5c66163747918d43d0f28666f) Importer(815301076,1909f56bfc062723c751e8b465ee728b)
Start importing Assets/Low Poly Houses Pack/Prefabs/House_16.prefab using Guid(4107aaa5c66163747918d43d0f28666f) Importer(815301076,1909f56bfc062723c751e8b465ee728b)  -> (artifact id: 'd1755282a9a7a837caf157d2a5afbb3d') in 0.035863 seconds 
========================================================================
Received Import Request.
  Time since last request: 0.000087 seconds.
  path: Assets/Low Poly Houses Pack/Prefabs/House_06.prefab
  artifactKey: Guid(e12ceb348e4c0ab43928ba10b328ad55) Importer(815301076,1909f56bfc062723c751e8b465ee728b)
Start importing Assets/Low Poly Houses Pack/Prefabs/House_06.prefab using Guid(e12ceb348e4c0ab43928ba10b328ad55) Importer(815301076,1909f56bfc062723c751e8b465ee728b)  -> (artifact id: 'a3fec25bfdba7c9953005d5fd1580170') in 0.031413 seconds 
========================================================================
Received Import Request.
  Time since last request: 0.000081 seconds.
  path: Assets/Low Poly Houses Pack/Prefabs/House_10.prefab
  artifactKey: Guid(b5b124b3bda4fd34eaf05d4635bee6d3) Importer(815301076,1909f56bfc062723c751e8b465ee728b)
Start importing Assets/Low Poly Houses Pack/Prefabs/House_10.prefab using Guid(b5b124b3bda4fd34eaf05d4635bee6d3) Importer(815301076,1909f56bfc062723c751e8b465ee728b)  -> (artifact id: 'eead8c2bc1f5d21802cc8b34e002f4a9') in 0.026941 seconds 
========================================================================
Received Import Request.
  Time since last request: 0.000066 seconds.
  path: Assets/Low Poly Houses Pack/Prefabs/House_13.prefab
  artifactKey: Guid(472df95078c2d8b4984be405a7639f58) Importer(815301076,1909f56bfc062723c751e8b465ee728b)
Start importing Assets/Low Poly Houses Pack/Prefabs/House_13.prefab using Guid(472df95078c2d8b4984be405a7639f58) Importer(815301076,1909f56bfc062723c751e8b465ee728b)  -> (artifact id: 'c4bedb2892c2baa57a56d930cea71e71') in 0.026450 seconds 
========================================================================
Received Import Request.
  Time since last request: 0.000073 seconds.
  path: Assets/Low Poly Houses Pack/Prefabs/House_03.prefab
  artifactKey: Guid(026082b4246d07c41b8fface34a8a03e) Importer(815301076,1909f56bfc062723c751e8b465ee728b)
Start importing Assets/Low Poly Houses Pack/Prefabs/House_03.prefab using Guid(026082b4246d07c41b8fface34a8a03e) Importer(815301076,1909f56bfc062723c751e8b465ee728b)  -> (artifact id: '9b159ac606f1370fed018fa46c1f6f51') in 0.021144 seconds 
========================================================================
Received Import Request.
  Time since last request: 0.000072 seconds.
  path: Assets/Low Poly Houses Pack/Prefabs/House_08.prefab
  artifactKey: Guid(eab4a5aa203d7f7459837ec0b6bb6b51) Importer(815301076,1909f56bfc062723c751e8b465ee728b)
Start importing Assets/Low Poly Houses Pack/Prefabs/House_08.prefab using Guid(eab4a5aa203d7f7459837ec0b6bb6b51) Importer(815301076,1909f56bfc062723c751e8b465ee728b)  -> (artifact id: 'a59f185c2d345a15fcad011897b03215') in 0.018005 seconds 
========================================================================
Received Import Request.
  Time since last request: 0.000076 seconds.
  path: Assets/Low Poly Houses Pack/Prefabs/House_05.prefab
  artifactKey: Guid(186bd9e9bd6c17f4e9f85a6dc189255e) Importer(815301076,1909f56bfc062723c751e8b465ee728b)
Start importing Assets/Low Poly Houses Pack/Prefabs/House_05.prefab using Guid(186bd9e9bd6c17f4e9f85a6dc189255e) Importer(815301076,1909f56bfc062723c751e8b465ee728b)  -> (artifact id: 'c9df7120e180eaf567ca8e374e39ca34') in 0.019975 seconds 
========================================================================
Received Import Request.
  Time since last request: 0.000070 seconds.
  path: Assets/Low Poly Houses Pack/Prefabs/House_07.prefab
  artifactKey: Guid(ed03d319e8ef85941a270a9308c5360c) Importer(815301076,1909f56bfc062723c751e8b465ee728b)
Start importing Assets/Low Poly Houses Pack/Prefabs/House_07.prefab using Guid(ed03d319e8ef85941a270a9308c5360c) Importer(815301076,1909f56bfc062723c751e8b465ee728b)  -> (artifact id: '9ee3ef3719c0742b68e879c222d70fcf') in 0.008194 seconds 
========================================================================
Received Import Request.
  Time since last request: 0.000078 seconds.
  path: Assets/Low Poly Houses Pack/Prefabs/House_04.prefab
  artifactKey: Guid(16129a5679a46c942929e3af4274aa0f) Importer(815301076,1909f56bfc062723c751e8b465ee728b)
Start importing Assets/Low Poly Houses Pack/Prefabs/House_04.prefab using Guid(16129a5679a46c942929e3af4274aa0f) Importer(815301076,1909f56bfc062723c751e8b465ee728b)  -> (artifact id: '1b94907aae1acbdddf9cc6ae208d0967') in 0.007698 seconds 
========================================================================
Received Import Request.
  Time since last request: 0.000077 seconds.
  path: Assets/Low Poly Houses Pack/Prefabs/House_19.prefab
  artifactKey: Guid(f32cf54380b4f784c98ab204592f27a8) Importer(815301076,1909f56bfc062723c751e8b465ee728b)
Start importing Assets/Low Poly Houses Pack/Prefabs/House_19.prefab using Guid(f32cf54380b4f784c98ab204592f27a8) Importer(815301076,1909f56bfc062723c751e8b465ee728b)  -> (artifact id: '0bcdc9b3fcb4cf38ba913fec438093d3') in 0.012840 seconds 
========================================================================
Received Import Request.
  Time since last request: 0.000056 seconds.
  path: Assets/Low Poly Houses Pack/Prefabs/House_11.prefab
  artifactKey: Guid(c38443d59fbc57e48965abeefa6d3f24) Importer(815301076,1909f56bfc062723c751e8b465ee728b)
Start importing Assets/Low Poly Houses Pack/Prefabs/House_11.prefab using Guid(c38443d59fbc57e48965abeefa6d3f24) Importer(815301076,1909f56bfc062723c751e8b465ee728b)  -> (artifact id: '44763fa087a8534fbfe0a7bc9499b906') in 0.061473 seconds 
========================================================================
Received Import Request.
  Time since last request: 0.000074 seconds.
  path: Assets/Low Poly Houses Pack/Prefabs/House_15.prefab
  artifactKey: Guid(21042b06aea703a4783dba642ed9d05d) Importer(815301076,1909f56bfc062723c751e8b465ee728b)
Start importing Assets/Low Poly Houses Pack/Prefabs/House_15.prefab using Guid(21042b06aea703a4783dba642ed9d05d) Importer(815301076,1909f56bfc062723c751e8b465ee728b)  -> (artifact id: 'cd5a5c17888de5c40ea7b4f13d06d4fa') in 0.014691 seconds 
========================================================================
Received Import Request.
  Time since last request: 0.000079 seconds.
  path: Assets/Low Poly Houses Pack/Prefabs/House_20.prefab
  artifactKey: Guid(913873415b0148e4d9ffc8ffc56097d2) Importer(815301076,1909f56bfc062723c751e8b465ee728b)
Start importing Assets/Low Poly Houses Pack/Prefabs/House_20.prefab using Guid(913873415b0148e4d9ffc8ffc56097d2) Importer(815301076,1909f56bfc062723c751e8b465ee728b)  -> (artifact id: '3901b7f3d41f016c3e2472599254ddfe') in 0.012745 seconds 
========================================================================
Received Import Request.
  Time since last request: 0.000068 seconds.
  path: Assets/Low Poly Houses Pack/Prefabs/House_09.prefab
  artifactKey: Guid(2c9ae2575dfd604458c84b4b38973788) Importer(815301076,1909f56bfc062723c751e8b465ee728b)
Start importing Assets/Low Poly Houses Pack/Prefabs/House_09.prefab using Guid(2c9ae2575dfd604458c84b4b38973788) Importer(815301076,1909f56bfc062723c751e8b465ee728b)  -> (artifact id: '1d979479e19c15d0448c0a321344091d') in 0.010234 seconds 
========================================================================
Received Import Request.
  Time since last request: 0.000051 seconds.
  path: Assets/Low Poly Houses Pack/Prefabs/House_17.prefab
  artifactKey: Guid(6da60cb2f269f1148b020c61062a0234) Importer(815301076,1909f56bfc062723c751e8b465ee728b)
Start importing Assets/Low Poly Houses Pack/Prefabs/House_17.prefab using Guid(6da60cb2f269f1148b020c61062a0234) Importer(815301076,1909f56bfc062723c751e8b465ee728b)  -> (artifact id: '9472531812b8ef448138555a71dba4ab') in 0.007885 seconds 
========================================================================
Received Import Request.
  Time since last request: 0.000053 seconds.
  path: Assets/Low Poly Houses Pack/Prefabs/House_18.prefab
  artifactKey: Guid(362a19fae37098a49a2c19358d4a788a) Importer(815301076,1909f56bfc062723c751e8b465ee728b)
Start importing Assets/Low Poly Houses Pack/Prefabs/House_18.prefab using Guid(362a19fae37098a49a2c19358d4a788a) Importer(815301076,1909f56bfc062723c751e8b465ee728b)  -> (artifact id: 'fd1fcac173114e90e3b20e7233e3a306') in 0.007851 seconds 
========================================================================
Received Import Request.
  Time since last request: 0.000053 seconds.
  path: Assets/Low Poly Houses Pack/Prefabs/House_21.prefab
  artifactKey: Guid(3a88d036933752e4d89a1a36fc3ebbeb) Importer(815301076,1909f56bfc062723c751e8b465ee728b)
Start importing Assets/Low Poly Houses Pack/Prefabs/House_21.prefab using Guid(3a88d036933752e4d89a1a36fc3ebbeb) Importer(815301076,1909f56bfc062723c751e8b465ee728b)  -> (artifact id: '85e100516a00b9ea1b12dff1eb71c875') in 0.008029 seconds 
========================================================================
Received Import Request.
  Time since last request: 0.000083 seconds.
  path: Assets/Low Poly Houses Pack/Prefabs/House_14.prefab
  artifactKey: Guid(49de95b0bb3d4b74f95756c69498b829) Importer(815301076,1909f56bfc062723c751e8b465ee728b)
Start importing Assets/Low Poly Houses Pack/Prefabs/House_14.prefab using Guid(49de95b0bb3d4b74f95756c69498b829) Importer(815301076,1909f56bfc062723c751e8b465ee728b)  -> (artifact id: '921cfeb254be084b86dadd30ac8ffb4b') in 0.009437 seconds 
========================================================================
Received Import Request.
  Time since last request: 0.000068 seconds.
  path: Assets/Low Poly Houses Pack/Prefabs/House_12.prefab
  artifactKey: Guid(4ec48f7f8b2297543b8d598b9b35ad79) Importer(815301076,1909f56bfc062723c751e8b465ee728b)
Start importing Assets/Low Poly Houses Pack/Prefabs/House_12.prefab using Guid(4ec48f7f8b2297543b8d598b9b35ad79) Importer(815301076,1909f56bfc062723c751e8b465ee728b)  -> (artifact id: '13d7c598d0e5e70b3d477808f380348b') in 0.014623 seconds 
========================================================================
Received Prepare
Registering precompiled user dll's ...
Registered in 0.003679 seconds.
Begin MonoManager ReloadAssembly
Symbol file LoadedFromMemory doesn't match image /Users/nelsontoneze/Downloads/UTFPR/cg/Project Computação Gráfica/Library/PackageCache/com.unity.visualscripting@1.7.8/Editor/VisualScripting.Core/Dependencies/YamlDotNet/Unity.VisualScripting.YamlDotNet.dll
Symbol file LoadedFromMemory doesn't match image /Users/nelsontoneze/Downloads/UTFPR/cg/Project Computação Gráfica/Library/PackageCache/com.unity.visualscripting@1.7.8/Editor/VisualScripting.Core/Dependencies/DotNetZip/Unity.VisualScripting.IonicZip.dll
Native extension for OSXStandalone target not found
Refreshing native plugins compatible for Editor in 1.08 ms, found 2 plugins.
Preloading 0 native plugins for Editor in 0.00 ms.
Mono: successfully reloaded assembly
- Completed reload, in  4.258 seconds
Domain Reload Profiling:
	ReloadAssembly (4261ms)
		BeginReloadAssembly (967ms)
			ExecutionOrderSort (0ms)
			DisableScriptedObjects (55ms)
			BackupInstance (0ms)
			ReleaseScriptingObjects (0ms)
			CreateAndSetChildDomain (250ms)
		EndReloadAssembly (2937ms)
			LoadAssemblies (1059ms)
			RebuildTransferFunctionScriptingTraits (0ms)
			SetupTypeCache (515ms)
			ReleaseScriptCaches (8ms)
			RebuildScriptCaches (59ms)
			SetupLoadedEditorAssemblies (1355ms)
				LogAssemblyErrors (0ms)
				InitializePlatformSupportModulesInManaged (32ms)
				SetLoadedEditorAssemblies (1ms)
				RefreshPlugins (1ms)
				BeforeProcessingInitializeOnLoad (139ms)
				ProcessInitializeOnLoadAttributes (1033ms)
				ProcessInitializeOnLoadMethodAttributes (145ms)
				AfterProcessingInitializeOnLoad (1ms)
				EditorAssembliesLoaded (3ms)
			ExecutionOrderSort2 (0ms)
			AwakeInstancesAfterBackupRestoration (17ms)
Platform modules already initialized, skipping
Refreshing native plugins compatible for Editor in 1.79 ms, found 2 plugins.
Preloading 0 native plugins for Editor in 0.00 ms.
Unloading 3367 Unused Serialized files (Serialized files now loaded: 0)
Unloading 21 unused Assets / (117.2 KB). Loaded Objects now: 3869.
Memory consumption went from 242.5 MB to 242.4 MB.
Total: 30.575125 ms (FindLiveObjects: 0.398958 ms CreateObjectMapping: 0.160208 ms MarkObjects: 29.879667 ms  DeleteObjects: 0.134625 ms)

AssetImportParameters requested are different than current active one (requested -> active):
  custom:video-decoder-ogg-theora: a1e56fd34408186e4bbccfd4996cb3dc -> 
  custom:container-muxer-webm: aa71ff27fc2769a1b78a27578f13a17b -> 
  custom:container-demuxer-webm: 4f35f7cbe854078d1ac9338744f61a02 -> 
  custom:video-encoder-webm-vp8: eb34c28f22e8b96e1ab97ce403110664 -> 
  custom:framework-osx-AVFoundation: e770b220cccbd017edd2c1fefb359320 -> 
  custom:audio-encoder-webm-vorbis: bf7c407c2cedff20999df2af8eb42d56 -> 
  custom:container-demuxer-ogg: 62fdf1f143b41e24485cea50d1cbac27 -> 
  custom:video-decoder-webm-vp8: 9c59270c3fd7afecdb556c50c9e8de78 -> 
  custom:audio-decoder-ogg-vorbis: bf7c407c2cedff20999df2af8eb42d56 -> 
========================================================================
Received Prepare
Registering precompiled user dll's ...
Registered in 0.003458 seconds.
Begin MonoManager ReloadAssembly
Symbol file LoadedFromMemory doesn't match image /Users/nelsontoneze/Downloads/UTFPR/cg/Project Computação Gráfica/Library/PackageCache/com.unity.visualscripting@1.7.8/Editor/VisualScripting.Core/Dependencies/YamlDotNet/Unity.VisualScripting.YamlDotNet.dll
Symbol file LoadedFromMemory doesn't match image /Users/nelsontoneze/Downloads/UTFPR/cg/Project Computação Gráfica/Library/PackageCache/com.unity.visualscripting@1.7.8/Editor/VisualScripting.Core/Dependencies/DotNetZip/Unity.VisualScripting.IonicZip.dll
Native extension for OSXStandalone target not found
Refreshing native plugins compatible for Editor in 1.09 ms, found 2 plugins.
Preloading 0 native plugins for Editor in 0.00 ms.
Mono: successfully reloaded assembly
- Completed reload, in  3.828 seconds
Domain Reload Profiling:
	ReloadAssembly (3830ms)
		BeginReloadAssembly (861ms)
			ExecutionOrderSort (0ms)
			DisableScriptedObjects (75ms)
			BackupInstance (0ms)
			ReleaseScriptingObjects (0ms)
			CreateAndSetChildDomain (130ms)
		EndReloadAssembly (2665ms)
			LoadAssemblies (826ms)
			RebuildTransferFunctionScriptingTraits (0ms)
			SetupTypeCache (484ms)
			ReleaseScriptCaches (11ms)
			RebuildScriptCaches (58ms)
			SetupLoadedEditorAssemblies (1447ms)
				LogAssemblyErrors (0ms)
				InitializePlatformSupportModulesInManaged (49ms)
				SetLoadedEditorAssemblies (2ms)
				RefreshPlugins (1ms)
				BeforeProcessingInitializeOnLoad (151ms)
				ProcessInitializeOnLoadAttributes (1101ms)
				ProcessInitializeOnLoadMethodAttributes (143ms)
				AfterProcessingInitializeOnLoad (1ms)
				EditorAssembliesLoaded (0ms)
			ExecutionOrderSort2 (0ms)
			AwakeInstancesAfterBackupRestoration (18ms)
Platform modules already initialized, skipping
Refreshing native plugins compatible for Editor in 1.40 ms, found 2 plugins.
Preloading 0 native plugins for Editor in 0.00 ms.
Unloading 3367 Unused Serialized files (Serialized files now loaded: 0)
Unloading 21 unused Assets / (117.2 KB). Loaded Objects now: 3872.
Memory consumption went from 242.6 MB to 242.5 MB.
Total: 3.220208 ms (FindLiveObjects: 0.318875 ms CreateObjectMapping: 0.116375 ms MarkObjects: 2.658000 ms  DeleteObjects: 0.125958 ms)

AssetImportParameters requested are different than current active one (requested -> active):
  custom:video-decoder-ogg-theora: a1e56fd34408186e4bbccfd4996cb3dc -> 
  custom:container-muxer-webm: aa71ff27fc2769a1b78a27578f13a17b -> 
  custom:container-demuxer-webm: 4f35f7cbe854078d1ac9338744f61a02 -> 
  custom:video-encoder-webm-vp8: eb34c28f22e8b96e1ab97ce403110664 -> 
  custom:framework-osx-AVFoundation: e770b220cccbd017edd2c1fefb359320 -> 
  custom:audio-encoder-webm-vorbis: bf7c407c2cedff20999df2af8eb42d56 -> 
  custom:container-demuxer-ogg: 62fdf1f143b41e24485cea50d1cbac27 -> 
  custom:video-decoder-webm-vp8: 9c59270c3fd7afecdb556c50c9e8de78 -> 
  custom:audio-decoder-ogg-vorbis: bf7c407c2cedff20999df2af8eb42d56 -> 
========================================================================
Received Import Request.
  Time since last request: 1491.506465 seconds.
  path: Assets/Laterns and candles/Prefabs/Candle1.prefab
  artifactKey: Guid(86d84285ef39db64c986f37878b14861) Importer(815301076,1909f56bfc062723c751e8b465ee728b)
Start importing Assets/Laterns and candles/Prefabs/Candle1.prefab using Guid(86d84285ef39db64c986f37878b14861) Importer(815301076,1909f56bfc062723c751e8b465ee728b)  -> (artifact id: '72794c4b3a06f2955a61db32cea02786') in 1.634416 seconds 
========================================================================
Received Import Request.
  Time since last request: 0.000223 seconds.
  path: Assets/Laterns and candles/Prefabs/candlestick.prefab
  artifactKey: Guid(b02c5020824fa574d88a101f9b790908) Importer(815301076,1909f56bfc062723c751e8b465ee728b)
Start importing Assets/Laterns and candles/Prefabs/candlestick.prefab using Guid(b02c5020824fa574d88a101f9b790908) Importer(815301076,1909f56bfc062723c751e8b465ee728b)  -> (artifact id: '011300bd6982f3d2056397d964cb5bbe') in 0.324984 seconds 
========================================================================
Received Import Request.
  Time since last request: 0.000090 seconds.
  path: Assets/Laterns and candles/Prefabs/Candle3 1.prefab
  artifactKey: Guid(42612f8b6c0dce8468648f3f08db6d96) Importer(815301076,1909f56bfc062723c751e8b465ee728b)
Start importing Assets/Laterns and candles/Prefabs/Candle3 1.prefab using Guid(42612f8b6c0dce8468648f3f08db6d96) Importer(815301076,1909f56bfc062723c751e8b465ee728b)  -> (artifact id: 'ff1c0e24006e4a49d8b2750f731b2a0f') in 0.018472 seconds 
========================================================================
Received Import Request.
  Time since last request: 0.000078 seconds.
  path: Assets/Laterns and candles/Prefabs/Candle2.prefab
  artifactKey: Guid(6b93fd896c90c094c8577de7399669b5) Importer(815301076,1909f56bfc062723c751e8b465ee728b)
Start importing Assets/Laterns and candles/Prefabs/Candle2.prefab using Guid(6b93fd896c90c094c8577de7399669b5) Importer(815301076,1909f56bfc062723c751e8b465ee728b)  -> (artifact id: 'd4c658e4f7dbcfdefab9d591eceebedd') in 0.055392 seconds 
========================================================================
Received Import Request.
  Time since last request: 0.000068 seconds.
  path: Assets/Laterns and candles/Prefabs/Latern3.prefab
  artifactKey: Guid(d17bd81f00e4eb843a71e73358112786) Importer(815301076,1909f56bfc062723c751e8b465ee728b)
Start importing Assets/Laterns and candles/Prefabs/Latern3.prefab using Guid(d17bd81f00e4eb843a71e73358112786) Importer(815301076,1909f56bfc062723c751e8b465ee728b)  -> (artifact id: '3f27a50b7aa74d66f1d0ba0f9b3e9af3') in 0.035773 seconds 
========================================================================
Received Import Request.
  Time since last request: 0.000073 seconds.
  path: Assets/Laterns and candles/Prefabs/CarvedPost2_double.prefab
  artifactKey: Guid(cd6ef13c75034bc4d820dfaf562e4a46) Importer(815301076,1909f56bfc062723c751e8b465ee728b)
Start importing Assets/Laterns and candles/Prefabs/CarvedPost2_double.prefab using Guid(cd6ef13c75034bc4d820dfaf562e4a46) Importer(815301076,1909f56bfc062723c751e8b465ee728b)  -> (artifact id: '1496a107dcba633d1f29942dbb8f33d5') in 0.498591 seconds 
========================================================================
Received Import Request.
  Time since last request: 0.000104 seconds.
  path: Assets/Laterns and candles/Prefabs/Latern4.prefab
  artifactKey: Guid(263b26f2316871f46a4bda232a61ec44) Importer(815301076,1909f56bfc062723c751e8b465ee728b)
Start importing Assets/Laterns and candles/Prefabs/Latern4.prefab using Guid(263b26f2316871f46a4bda232a61ec44) Importer(815301076,1909f56bfc062723c751e8b465ee728b)  -> (artifact id: '3a16faf0faf5c13271c6ee3362716379') in 0.030109 seconds 
========================================================================
Received Import Request.
  Time since last request: 0.000095 seconds.
  path: Assets/Laterns and candles/Prefabs/Latern1.prefab
  artifactKey: Guid(56c82061e6c4de742a208837848be55a) Importer(815301076,1909f56bfc062723c751e8b465ee728b)
Start importing Assets/Laterns and candles/Prefabs/Latern1.prefab using Guid(56c82061e6c4de742a208837848be55a) Importer(815301076,1909f56bfc062723c751e8b465ee728b)  -> (artifact id: '2aeb88e9ffdf29916ef62f15d2094db4') in 0.025673 seconds 
========================================================================
Received Prepare
Registering precompiled user dll's ...
Registered in 0.003215 seconds.
Begin MonoManager ReloadAssembly
Symbol file LoadedFromMemory doesn't match image /Users/nelsontoneze/Downloads/UTFPR/cg/Project Computação Gráfica/Library/PackageCache/com.unity.visualscripting@1.7.8/Editor/VisualScripting.Core/Dependencies/YamlDotNet/Unity.VisualScripting.YamlDotNet.dll
Symbol file LoadedFromMemory doesn't match image /Users/nelsontoneze/Downloads/UTFPR/cg/Project Computação Gráfica/Library/PackageCache/com.unity.visualscripting@1.7.8/Editor/VisualScripting.Core/Dependencies/DotNetZip/Unity.VisualScripting.IonicZip.dll
Native extension for OSXStandalone target not found
Refreshing native plugins compatible for Editor in 3.36 ms, found 2 plugins.
Preloading 0 native plugins for Editor in 0.00 ms.
Mono: successfully reloaded assembly
- Completed reload, in  3.016 seconds
Domain Reload Profiling:
	ReloadAssembly (3020ms)
		BeginReloadAssembly (472ms)
			ExecutionOrderSort (0ms)
			DisableScriptedObjects (46ms)
			BackupInstance (0ms)
			ReleaseScriptingObjects (0ms)
			CreateAndSetChildDomain (134ms)
		EndReloadAssembly (2269ms)
			LoadAssemblies (307ms)
			RebuildTransferFunctionScriptingTraits (0ms)
			SetupTypeCache (405ms)
			ReleaseScriptCaches (3ms)
			RebuildScriptCaches (55ms)
			SetupLoadedEditorAssemblies (1365ms)
				LogAssemblyErrors (0ms)
				InitializePlatformSupportModulesInManaged (39ms)
				SetLoadedEditorAssemblies (1ms)
				RefreshPlugins (3ms)
				BeforeProcessingInitializeOnLoad (139ms)
				ProcessInitializeOnLoadAttributes (1044ms)
				ProcessInitializeOnLoadMethodAttributes (138ms)
				AfterProcessingInitializeOnLoad (1ms)
				EditorAssembliesLoaded (0ms)
			ExecutionOrderSort2 (0ms)
			AwakeInstancesAfterBackupRestoration (13ms)
Platform modules already initialized, skipping
Refreshing native plugins compatible for Editor in 1.33 ms, found 2 plugins.
Preloading 0 native plugins for Editor in 0.00 ms.
Unloading 3367 Unused Serialized files (Serialized files now loaded: 0)
Unloading 20 unused Assets / (71.1 KB). Loaded Objects now: 3878.
Memory consumption went from 243.7 MB to 243.6 MB.
Total: 3.733500 ms (FindLiveObjects: 0.453375 ms CreateObjectMapping: 0.268875 ms MarkObjects: 2.898333 ms  DeleteObjects: 0.111833 ms)

AssetImportParameters requested are different than current active one (requested -> active):
  custom:video-decoder-ogg-theora: a1e56fd34408186e4bbccfd4996cb3dc -> 
  custom:container-muxer-webm: aa71ff27fc2769a1b78a27578f13a17b -> 
  custom:container-demuxer-webm: 4f35f7cbe854078d1ac9338744f61a02 -> 
  custom:video-encoder-webm-vp8: eb34c28f22e8b96e1ab97ce403110664 -> 
  custom:framework-osx-AVFoundation: e770b220cccbd017edd2c1fefb359320 -> 
  custom:audio-encoder-webm-vorbis: bf7c407c2cedff20999df2af8eb42d56 -> 
  custom:container-demuxer-ogg: 62fdf1f143b41e24485cea50d1cbac27 -> 
  custom:video-decoder-webm-vp8: 9c59270c3fd7afecdb556c50c9e8de78 -> 
  custom:audio-decoder-ogg-vorbis: bf7c407c2cedff20999df2af8eb42d56 -> 
========================================================================
Received Prepare
Registering precompiled user dll's ...
Registered in 0.002208 seconds.
Begin MonoManager ReloadAssembly
Symbol file LoadedFromMemory doesn't match image /Users/nelsontoneze/Downloads/UTFPR/cg/Project Computação Gráfica/Library/PackageCache/com.unity.visualscripting@1.7.8/Editor/VisualScripting.Core/Dependencies/YamlDotNet/Unity.VisualScripting.YamlDotNet.dll
Symbol file LoadedFromMemory doesn't match image /Users/nelsontoneze/Downloads/UTFPR/cg/Project Computação Gráfica/Library/PackageCache/com.unity.visualscripting@1.7.8/Editor/VisualScripting.Core/Dependencies/DotNetZip/Unity.VisualScripting.IonicZip.dll
Native extension for OSXStandalone target not found
Refreshing native plugins compatible for Editor in 1.00 ms, found 2 plugins.
Preloading 0 native plugins for Editor in 0.00 ms.
Mono: successfully reloaded assembly
- Completed reload, in  3.203 seconds
Domain Reload Profiling:
	ReloadAssembly (3206ms)
		BeginReloadAssembly (446ms)
			ExecutionOrderSort (0ms)
			DisableScriptedObjects (60ms)
			BackupInstance (0ms)
			ReleaseScriptingObjects (0ms)
			CreateAndSetChildDomain (121ms)
		EndReloadAssembly (2463ms)
			LoadAssemblies (218ms)
			RebuildTransferFunctionScriptingTraits (0ms)
			SetupTypeCache (423ms)
			ReleaseScriptCaches (5ms)
			RebuildScriptCaches (48ms)
			SetupLoadedEditorAssemblies (1445ms)
				LogAssemblyErrors (0ms)
				InitializePlatformSupportModulesInManaged (36ms)
				SetLoadedEditorAssemblies (2ms)
				RefreshPlugins (1ms)
				BeforeProcessingInitializeOnLoad (130ms)
				ProcessInitializeOnLoadAttributes (1125ms)
				ProcessInitializeOnLoadMethodAttributes (150ms)
				AfterProcessingInitializeOnLoad (1ms)
				EditorAssembliesLoaded (0ms)
			ExecutionOrderSort2 (0ms)
			AwakeInstancesAfterBackupRestoration (15ms)
Platform modules already initialized, skipping
Refreshing native plugins compatible for Editor in 2.02 ms, found 2 plugins.
Preloading 0 native plugins for Editor in 0.00 ms.
Unloading 3366 Unused Serialized files (Serialized files now loaded: 0)
Unloading 20 unused Assets / (71.0 KB). Loaded Objects now: 3881.
Memory consumption went from 243.7 MB to 243.7 MB.
Total: 4.742709 ms (FindLiveObjects: 0.482000 ms CreateObjectMapping: 0.119583 ms MarkObjects: 3.629209 ms  DeleteObjects: 0.510959 ms)

AssetImportParameters requested are different than current active one (requested -> active):
  custom:video-decoder-ogg-theora: a1e56fd34408186e4bbccfd4996cb3dc -> 
  custom:container-muxer-webm: aa71ff27fc2769a1b78a27578f13a17b -> 
  custom:container-demuxer-webm: 4f35f7cbe854078d1ac9338744f61a02 -> 
  custom:video-encoder-webm-vp8: eb34c28f22e8b96e1ab97ce403110664 -> 
  custom:framework-osx-AVFoundation: e770b220cccbd017edd2c1fefb359320 -> 
  custom:audio-encoder-webm-vorbis: bf7c407c2cedff20999df2af8eb42d56 -> 
  custom:container-demuxer-ogg: 62fdf1f143b41e24485cea50d1cbac27 -> 
  custom:video-decoder-webm-vp8: 9c59270c3fd7afecdb556c50c9e8de78 -> 
  custom:audio-decoder-ogg-vorbis: bf7c407c2cedff20999df2af8eb42d56 -> 
========================================================================
Received Prepare
Registering precompiled user dll's ...
Registered in 0.002393 seconds.
Begin MonoManager ReloadAssembly
Symbol file LoadedFromMemory doesn't match image /Users/nelsontoneze/Downloads/UTFPR/cg/Project Computação Gráfica/Library/PackageCache/com.unity.visualscripting@1.7.8/Editor/VisualScripting.Core/Dependencies/YamlDotNet/Unity.VisualScripting.YamlDotNet.dll
Symbol file LoadedFromMemory doesn't match image /Users/nelsontoneze/Downloads/UTFPR/cg/Project Computação Gráfica/Library/PackageCache/com.unity.visualscripting@1.7.8/Editor/VisualScripting.Core/Dependencies/DotNetZip/Unity.VisualScripting.IonicZip.dll
Native extension for OSXStandalone target not found
Refreshing native plugins compatible for Editor in 0.88 ms, found 2 plugins.
Preloading 0 native plugins for Editor in 0.00 ms.
Mono: successfully reloaded assembly
- Completed reload, in  2.660 seconds
Domain Reload Profiling:
	ReloadAssembly (2663ms)
		BeginReloadAssembly (361ms)
			ExecutionOrderSort (0ms)
			DisableScriptedObjects (43ms)
			BackupInstance (0ms)
			ReleaseScriptingObjects (0ms)
			CreateAndSetChildDomain (107ms)
		EndReloadAssembly (2029ms)
			LoadAssemblies (155ms)
			RebuildTransferFunctionScriptingTraits (0ms)
			SetupTypeCache (383ms)
			ReleaseScriptCaches (1ms)
			RebuildScriptCaches (49ms)
			SetupLoadedEditorAssemblies (1268ms)
				LogAssemblyErrors (0ms)
				InitializePlatformSupportModulesInManaged (37ms)
				SetLoadedEditorAssemblies (2ms)
				RefreshPlugins (1ms)
				BeforeProcessingInitializeOnLoad (121ms)
				ProcessInitializeOnLoadAttributes (982ms)
				ProcessInitializeOnLoadMethodAttributes (124ms)
				AfterProcessingInitializeOnLoad (1ms)
				EditorAssembliesLoaded (0ms)
			ExecutionOrderSort2 (0ms)
			AwakeInstancesAfterBackupRestoration (13ms)
Platform modules already initialized, skipping
Refreshing native plugins compatible for Editor in 1.81 ms, found 2 plugins.
Preloading 0 native plugins for Editor in 0.00 ms.
Unloading 3366 Unused Serialized files (Serialized files now loaded: 0)
Unloading 20 unused Assets / (70.9 KB). Loaded Objects now: 3884.
Memory consumption went from 244.0 MB to 243.9 MB.
Total: 3.371167 ms (FindLiveObjects: 0.267875 ms CreateObjectMapping: 0.137250 ms MarkObjects: 2.855917 ms  DeleteObjects: 0.109041 ms)

AssetImportParameters requested are different than current active one (requested -> active):
  custom:video-decoder-ogg-theora: a1e56fd34408186e4bbccfd4996cb3dc -> 
  custom:container-muxer-webm: aa71ff27fc2769a1b78a27578f13a17b -> 
  custom:container-demuxer-webm: 4f35f7cbe854078d1ac9338744f61a02 -> 
  custom:video-encoder-webm-vp8: eb34c28f22e8b96e1ab97ce403110664 -> 
  custom:framework-osx-AVFoundation: e770b220cccbd017edd2c1fefb359320 -> 
  custom:audio-encoder-webm-vorbis: bf7c407c2cedff20999df2af8eb42d56 -> 
  custom:container-demuxer-ogg: 62fdf1f143b41e24485cea50d1cbac27 -> 
  custom:video-decoder-webm-vp8: 9c59270c3fd7afecdb556c50c9e8de78 -> 
  custom:audio-decoder-ogg-vorbis: bf7c407c2cedff20999df2af8eb42d56 -> 
